2024-08-22 18:30:01,200 [Worker-5: Loading available Gradle versions] INFO  o.e.b.c.i.u.g.PublishedGradleVersions - Gradle version information cache is up-to-date. Trying to read.
2024-08-22 18:46:23,786 [Worker-2: Loading available Gradle versions] INFO  o.e.b.c.i.u.g.PublishedGradleVersions - Gradle version information cache is up-to-date. Trying to read.
2024-08-22 19:03:03,703 [Worker-2: Launching mavenrun-42407e94-1d64-44db-84c6-95bf55fad70f] INFO  o.e.m.i.launch.MavenLaunchDelegate - C:\Users\Usuario\Documents\Backup 2021\Celina\Universidad\3 er anio\2 do Cuatrimestre\Laboratorio de Programación\TP 1
2024-08-22 19:03:03,709 [Worker-2: Launching mavenrun-42407e94-1d64-44db-84c6-95bf55fad70f] INFO  o.e.m.i.launch.MavenLaunchDelegate -  mvn -DarchetypeVersion=1.4 -Dpackage=programacion_concurrente.backend -DarchetypeGroupId=org.apache.maven.archetypes -DarchetypeArtifactId=maven-archetype-webapp -DgroupId=programacion-concurrente -DartifactId=backend -DoutputDirectory="C:\Users\Usuario\Documents\Backup 2021\Celina\Universidad\3 er anio\2 do Cuatrimestre\Laboratorio de Programación\TP 1" -Dversion=0.0.1-SNAPSHOT -Dstyle.color=always -U archetype:generate
2024-08-22 19:07:20,923 [Worker-12: Creating maven-archetype-webapp] INFO  o.e.m.c.i.p.ProjectConfigurationManager - Collecting project info '/pom.xml' C:\Users\Usuario\Documents\Backup 2021\Celina\Universidad\3 er anio\2 do Cuatrimestre\Laboratorio de Programación\TP 1\backend\pom.xml
2024-08-22 19:07:24,495 [Worker-12: Creating maven-archetype-webapp] INFO  o.e.m.c.i.l.LifecycleMappingFactory - Using org.maven.ide.eclipse.wtp.WarLifecycleMapping lifecycle mapping for MavenProject: programacion-concurrente:backend:0.0.1-SNAPSHOT @ C:\Users\Usuario\Documents\Backup 2021\Celina\Universidad\3 er anio\2 do Cuatrimestre\Laboratorio de Programación\TP 1\backend\pom.xml.
2024-08-22 19:07:27,000 [Worker-12: Creating maven-archetype-webapp] INFO  o.e.m.j.i.AbstractJavaProjectConfigurator - Adding source folder /backend/src/main/java
2024-08-22 19:07:27,001 [Worker-12: Creating maven-archetype-webapp] INFO  o.e.m.j.i.AbstractJavaProjectConfigurator - Adding source folder /backend/src/test/java
2024-08-22 19:07:30,424 [Worker-12: Creating maven-archetype-webapp] INFO  o.e.m.c.i.p.ProjectConfigurationManager - Imported and configured 1 project(s) in 9 sec
2024-08-22 19:07:31,466 [Worker-0: Building] INFO  o.e.m.c.i.embedder.EclipseLogger - Using 'UTF-8' encoding to copy filtered resources.
2024-08-22 19:07:31,467 [Worker-0: Building] INFO  o.e.m.c.i.embedder.EclipseLogger - skip non existing resourceDirectory C:\Users\Usuario\Documents\Backup 2021\Celina\Universidad\3 er anio\2 do Cuatrimestre\Laboratorio de Programación\TP 1\backend\src\main\resources
2024-08-22 19:07:31,470 [Worker-0: Building] INFO  o.e.m.c.i.embedder.EclipseLogger - Using 'UTF-8' encoding to copy filtered resources.
2024-08-22 19:07:31,470 [Worker-0: Building] INFO  o.e.m.c.i.embedder.EclipseLogger - skip non existing resourceDirectory C:\Users\Usuario\Documents\Backup 2021\Celina\Universidad\3 er anio\2 do Cuatrimestre\Laboratorio de Programación\TP 1\backend\src\test\resources
2024-08-22 19:07:56,740 [Worker-12: Building] INFO  o.e.m.c.i.embedder.EclipseLogger - Using 'UTF-8' encoding to copy filtered resources.
2024-08-22 19:07:56,740 [Worker-12: Building] INFO  o.e.m.c.i.embedder.EclipseLogger - skip non existing resourceDirectory C:\Users\Usuario\Documents\Backup 2021\Celina\Universidad\3 er anio\2 do Cuatrimestre\Laboratorio de Programación\TP 1\backend\src\main\resources
2024-08-22 19:07:56,743 [Worker-12: Building] INFO  o.e.m.c.i.embedder.EclipseLogger - Using 'UTF-8' encoding to copy filtered resources.
2024-08-22 19:07:56,743 [Worker-12: Building] INFO  o.e.m.c.i.embedder.EclipseLogger - skip non existing resourceDirectory C:\Users\Usuario\Documents\Backup 2021\Celina\Universidad\3 er anio\2 do Cuatrimestre\Laboratorio de Programación\TP 1\backend\src\test\resources
2024-08-22 19:08:37,109 [Worker-12: Building] INFO  o.e.m.c.i.embedder.EclipseLogger - Using 'UTF-8' encoding to copy filtered resources.
2024-08-22 19:08:37,110 [Worker-12: Building] INFO  o.e.m.c.i.embedder.EclipseLogger - skip non existing resourceDirectory C:\Users\Usuario\Documents\Backup 2021\Celina\Universidad\3 er anio\2 do Cuatrimestre\Laboratorio de Programación\TP 1\backend\src\main\resources
2024-08-22 19:08:37,115 [Worker-12: Building] INFO  o.e.m.c.i.embedder.EclipseLogger - Using 'UTF-8' encoding to copy filtered resources.
2024-08-22 19:08:37,116 [Worker-12: Building] INFO  o.e.m.c.i.embedder.EclipseLogger - skip non existing resourceDirectory C:\Users\Usuario\Documents\Backup 2021\Celina\Universidad\3 er anio\2 do Cuatrimestre\Laboratorio de Programación\TP 1\backend\src\test\resources
2024-08-22 19:08:38,135 [Worker-18: Building] INFO  o.e.m.c.i.embedder.EclipseLogger - Using 'UTF-8' encoding to copy filtered resources.
2024-08-22 19:08:38,136 [Worker-18: Building] INFO  o.e.m.c.i.embedder.EclipseLogger - skip non existing resourceDirectory C:\Users\Usuario\Documents\Backup 2021\Celina\Universidad\3 er anio\2 do Cuatrimestre\Laboratorio de Programación\TP 1\backend\src\main\resources
2024-08-22 19:08:38,138 [Worker-18: Building] INFO  o.e.m.c.i.embedder.EclipseLogger - Using 'UTF-8' encoding to copy filtered resources.
2024-08-22 19:08:38,139 [Worker-18: Building] INFO  o.e.m.c.i.embedder.EclipseLogger - skip non existing resourceDirectory C:\Users\Usuario\Documents\Backup 2021\Celina\Universidad\3 er anio\2 do Cuatrimestre\Laboratorio de Programación\TP 1\backend\src\test\resources
2024-08-22 19:18:53,866 [Worker-2: Building] INFO  o.e.m.c.i.embedder.EclipseLogger - Using 'UTF-8' encoding to copy filtered resources.
2024-08-22 19:18:53,866 [Worker-2: Building] INFO  o.e.m.c.i.embedder.EclipseLogger - skip non existing resourceDirectory C:\Users\Usuario\Documents\Backup 2021\Celina\Universidad\3 er anio\2 do Cuatrimestre\Laboratorio de Programación\TP 1\backend\src\main\resources
2024-08-22 19:18:53,872 [Worker-2: Building] INFO  o.e.m.c.i.embedder.EclipseLogger - Using 'UTF-8' encoding to copy filtered resources.
2024-08-22 19:18:53,873 [Worker-2: Building] INFO  o.e.m.c.i.embedder.EclipseLogger - skip non existing resourceDirectory C:\Users\Usuario\Documents\Backup 2021\Celina\Universidad\3 er anio\2 do Cuatrimestre\Laboratorio de Programación\TP 1\backend\src\test\resources
2024-08-22 19:27:20,916 [Worker-21: Building] INFO  o.e.m.c.i.embedder.EclipseLogger - Using 'UTF-8' encoding to copy filtered resources.
2024-08-22 19:27:20,917 [Worker-21: Building] INFO  o.e.m.c.i.embedder.EclipseLogger - skip non existing resourceDirectory C:\Users\Usuario\Documents\Backup 2021\Celina\Universidad\3 er anio\2 do Cuatrimestre\Laboratorio de Programación\TP 1\backend\src\main\resources
2024-08-22 19:27:20,920 [Worker-21: Building] INFO  o.e.m.c.i.embedder.EclipseLogger - Using 'UTF-8' encoding to copy filtered resources.
2024-08-22 19:27:20,921 [Worker-21: Building] INFO  o.e.m.c.i.embedder.EclipseLogger - skip non existing resourceDirectory C:\Users\Usuario\Documents\Backup 2021\Celina\Universidad\3 er anio\2 do Cuatrimestre\Laboratorio de Programación\TP 1\backend\src\test\resources
2024-08-22 19:27:40,557 [Worker-19: Building] INFO  o.e.m.c.i.embedder.EclipseLogger - Using 'UTF-8' encoding to copy filtered resources.
2024-08-22 19:27:40,558 [Worker-19: Building] INFO  o.e.m.c.i.embedder.EclipseLogger - skip non existing resourceDirectory C:\Users\Usuario\Documents\Backup 2021\Celina\Universidad\3 er anio\2 do Cuatrimestre\Laboratorio de Programación\TP 1\backend\src\main\resources
2024-08-22 19:27:40,561 [Worker-19: Building] INFO  o.e.m.c.i.embedder.EclipseLogger - Using 'UTF-8' encoding to copy filtered resources.
2024-08-22 19:27:40,561 [Worker-19: Building] INFO  o.e.m.c.i.embedder.EclipseLogger - skip non existing resourceDirectory C:\Users\Usuario\Documents\Backup 2021\Celina\Universidad\3 er anio\2 do Cuatrimestre\Laboratorio de Programación\TP 1\backend\src\test\resources
2024-08-22 19:29:30,481 [Worker-19: Building] INFO  o.e.m.c.i.embedder.EclipseLogger - Using 'UTF-8' encoding to copy filtered resources.
2024-08-22 19:29:30,481 [Worker-19: Building] INFO  o.e.m.c.i.embedder.EclipseLogger - skip non existing resourceDirectory C:\Users\Usuario\Documents\Backup 2021\Celina\Universidad\3 er anio\2 do Cuatrimestre\Laboratorio de Programación\TP 1\backend\src\main\resources
2024-08-22 19:29:30,487 [Worker-19: Building] INFO  o.e.m.c.i.embedder.EclipseLogger - Using 'UTF-8' encoding to copy filtered resources.
2024-08-22 19:29:30,487 [Worker-19: Building] INFO  o.e.m.c.i.embedder.EclipseLogger - skip non existing resourceDirectory C:\Users\Usuario\Documents\Backup 2021\Celina\Universidad\3 er anio\2 do Cuatrimestre\Laboratorio de Programación\TP 1\backend\src\test\resources
2024-08-22 19:33:49,290 [Worker-26: Building] INFO  o.e.m.c.i.embedder.EclipseLogger - Using 'UTF-8' encoding to copy filtered resources.
2024-08-22 19:33:49,291 [Worker-26: Building] INFO  o.e.m.c.i.embedder.EclipseLogger - skip non existing resourceDirectory C:\Users\Usuario\Documents\Backup 2021\Celina\Universidad\3 er anio\2 do Cuatrimestre\Laboratorio de Programación\TP 1\backend\src\main\resources
2024-08-22 19:33:49,293 [Worker-26: Building] INFO  o.e.m.c.i.embedder.EclipseLogger - Using 'UTF-8' encoding to copy filtered resources.
2024-08-22 19:33:49,293 [Worker-26: Building] INFO  o.e.m.c.i.embedder.EclipseLogger - skip non existing resourceDirectory C:\Users\Usuario\Documents\Backup 2021\Celina\Universidad\3 er anio\2 do Cuatrimestre\Laboratorio de Programación\TP 1\backend\src\test\resources
2024-08-22 19:34:30,315 [Worker-2: Building] INFO  o.e.m.c.i.embedder.EclipseLogger - Using 'UTF-8' encoding to copy filtered resources.
2024-08-22 19:34:30,316 [Worker-2: Building] INFO  o.e.m.c.i.embedder.EclipseLogger - skip non existing resourceDirectory C:\Users\Usuario\Documents\Backup 2021\Celina\Universidad\3 er anio\2 do Cuatrimestre\Laboratorio de Programación\TP 1\backend\src\main\resources
2024-08-22 19:34:30,319 [Worker-2: Building] INFO  o.e.m.c.i.embedder.EclipseLogger - Using 'UTF-8' encoding to copy filtered resources.
2024-08-22 19:34:30,319 [Worker-2: Building] INFO  o.e.m.c.i.embedder.EclipseLogger - skip non existing resourceDirectory C:\Users\Usuario\Documents\Backup 2021\Celina\Universidad\3 er anio\2 do Cuatrimestre\Laboratorio de Programación\TP 1\backend\src\test\resources
2024-08-22 19:36:03,565 [Worker-27: Building] INFO  o.e.m.c.i.embedder.EclipseLogger - Using 'UTF-8' encoding to copy filtered resources.
2024-08-22 19:36:03,565 [Worker-27: Building] INFO  o.e.m.c.i.embedder.EclipseLogger - skip non existing resourceDirectory C:\Users\Usuario\Documents\Backup 2021\Celina\Universidad\3 er anio\2 do Cuatrimestre\Laboratorio de Programación\TP 1\backend\src\main\resources
2024-08-22 19:36:03,567 [Worker-27: Building] INFO  o.e.m.c.i.embedder.EclipseLogger - Using 'UTF-8' encoding to copy filtered resources.
2024-08-22 19:36:03,567 [Worker-27: Building] INFO  o.e.m.c.i.embedder.EclipseLogger - skip non existing resourceDirectory C:\Users\Usuario\Documents\Backup 2021\Celina\Universidad\3 er anio\2 do Cuatrimestre\Laboratorio de Programación\TP 1\backend\src\test\resources
2024-08-22 19:39:36,240 [Worker-28: Building] INFO  o.e.m.c.i.embedder.EclipseLogger - Using 'UTF-8' encoding to copy filtered resources.
2024-08-22 19:39:36,241 [Worker-28: Building] INFO  o.e.m.c.i.embedder.EclipseLogger - skip non existing resourceDirectory C:\Users\Usuario\Documents\Backup 2021\Celina\Universidad\3 er anio\2 do Cuatrimestre\Laboratorio de Programación\TP 1\backend\src\main\resources
2024-08-22 19:39:36,244 [Worker-28: Building] INFO  o.e.m.c.i.embedder.EclipseLogger - Using 'UTF-8' encoding to copy filtered resources.
2024-08-22 19:39:36,244 [Worker-28: Building] INFO  o.e.m.c.i.embedder.EclipseLogger - skip non existing resourceDirectory C:\Users\Usuario\Documents\Backup 2021\Celina\Universidad\3 er anio\2 do Cuatrimestre\Laboratorio de Programación\TP 1\backend\src\test\resources
2024-08-22 19:40:08,893 [Worker-27: Building] INFO  o.e.m.c.i.embedder.EclipseLogger - Using 'UTF-8' encoding to copy filtered resources.
2024-08-22 19:40:08,893 [Worker-27: Building] INFO  o.e.m.c.i.embedder.EclipseLogger - skip non existing resourceDirectory C:\Users\Usuario\Documents\Backup 2021\Celina\Universidad\3 er anio\2 do Cuatrimestre\Laboratorio de Programación\TP 1\backend\src\main\resources
2024-08-22 19:40:08,896 [Worker-27: Building] INFO  o.e.m.c.i.embedder.EclipseLogger - Using 'UTF-8' encoding to copy filtered resources.
2024-08-22 19:40:08,896 [Worker-27: Building] INFO  o.e.m.c.i.embedder.EclipseLogger - skip non existing resourceDirectory C:\Users\Usuario\Documents\Backup 2021\Celina\Universidad\3 er anio\2 do Cuatrimestre\Laboratorio de Programación\TP 1\backend\src\test\resources
2024-08-22 19:41:30,870 [Worker-26: Building] INFO  o.e.m.c.i.embedder.EclipseLogger - Using 'UTF-8' encoding to copy filtered resources.
2024-08-22 19:41:30,870 [Worker-26: Building] INFO  o.e.m.c.i.embedder.EclipseLogger - skip non existing resourceDirectory C:\Users\Usuario\Documents\Backup 2021\Celina\Universidad\3 er anio\2 do Cuatrimestre\Laboratorio de Programación\TP 1\backend\src\main\resources
2024-08-22 19:41:30,875 [Worker-26: Building] INFO  o.e.m.c.i.embedder.EclipseLogger - Using 'UTF-8' encoding to copy filtered resources.
2024-08-22 19:41:30,876 [Worker-26: Building] INFO  o.e.m.c.i.embedder.EclipseLogger - skip non existing resourceDirectory C:\Users\Usuario\Documents\Backup 2021\Celina\Universidad\3 er anio\2 do Cuatrimestre\Laboratorio de Programación\TP 1\backend\src\test\resources
2024-08-22 19:41:44,827 [Worker-31: Building] INFO  o.e.m.c.i.embedder.EclipseLogger - Using 'UTF-8' encoding to copy filtered resources.
2024-08-22 19:41:44,827 [Worker-31: Building] INFO  o.e.m.c.i.embedder.EclipseLogger - skip non existing resourceDirectory C:\Users\Usuario\Documents\Backup 2021\Celina\Universidad\3 er anio\2 do Cuatrimestre\Laboratorio de Programación\TP 1\backend\src\main\resources
2024-08-22 19:41:44,830 [Worker-31: Building] INFO  o.e.m.c.i.embedder.EclipseLogger - Using 'UTF-8' encoding to copy filtered resources.
2024-08-22 19:41:44,830 [Worker-31: Building] INFO  o.e.m.c.i.embedder.EclipseLogger - skip non existing resourceDirectory C:\Users\Usuario\Documents\Backup 2021\Celina\Universidad\3 er anio\2 do Cuatrimestre\Laboratorio de Programación\TP 1\backend\src\test\resources
2024-08-22 19:41:55,975 [Worker-27: Building] INFO  o.e.m.c.i.embedder.EclipseLogger - Using 'UTF-8' encoding to copy filtered resources.
2024-08-22 19:41:55,976 [Worker-27: Building] INFO  o.e.m.c.i.embedder.EclipseLogger - skip non existing resourceDirectory C:\Users\Usuario\Documents\Backup 2021\Celina\Universidad\3 er anio\2 do Cuatrimestre\Laboratorio de Programación\TP 1\backend\src\main\resources
2024-08-22 19:41:55,979 [Worker-27: Building] INFO  o.e.m.c.i.embedder.EclipseLogger - Using 'UTF-8' encoding to copy filtered resources.
2024-08-22 19:41:55,979 [Worker-27: Building] INFO  o.e.m.c.i.embedder.EclipseLogger - skip non existing resourceDirectory C:\Users\Usuario\Documents\Backup 2021\Celina\Universidad\3 er anio\2 do Cuatrimestre\Laboratorio de Programación\TP 1\backend\src\test\resources
2024-08-22 19:42:02,999 [Worker-26: Building] INFO  o.e.m.c.i.embedder.EclipseLogger - Using 'UTF-8' encoding to copy filtered resources.
2024-08-22 19:42:02,999 [Worker-26: Building] INFO  o.e.m.c.i.embedder.EclipseLogger - skip non existing resourceDirectory C:\Users\Usuario\Documents\Backup 2021\Celina\Universidad\3 er anio\2 do Cuatrimestre\Laboratorio de Programación\TP 1\backend\src\main\resources
2024-08-22 19:42:03,001 [Worker-26: Building] INFO  o.e.m.c.i.embedder.EclipseLogger - Using 'UTF-8' encoding to copy filtered resources.
2024-08-22 19:42:03,001 [Worker-26: Building] INFO  o.e.m.c.i.embedder.EclipseLogger - skip non existing resourceDirectory C:\Users\Usuario\Documents\Backup 2021\Celina\Universidad\3 er anio\2 do Cuatrimestre\Laboratorio de Programación\TP 1\backend\src\test\resources
2024-08-22 19:42:46,550 [Worker-31: Building] INFO  o.e.m.c.i.embedder.EclipseLogger - Using 'UTF-8' encoding to copy filtered resources.
2024-08-22 19:42:46,550 [Worker-31: Building] INFO  o.e.m.c.i.embedder.EclipseLogger - skip non existing resourceDirectory C:\Users\Usuario\Documents\Backup 2021\Celina\Universidad\3 er anio\2 do Cuatrimestre\Laboratorio de Programación\TP 1\backend\src\main\resources
2024-08-22 19:42:46,554 [Worker-31: Building] INFO  o.e.m.c.i.embedder.EclipseLogger - Using 'UTF-8' encoding to copy filtered resources.
2024-08-22 19:42:46,555 [Worker-31: Building] INFO  o.e.m.c.i.embedder.EclipseLogger - skip non existing resourceDirectory C:\Users\Usuario\Documents\Backup 2021\Celina\Universidad\3 er anio\2 do Cuatrimestre\Laboratorio de Programación\TP 1\backend\src\test\resources
2024-08-25 11:39:28,671 [Worker-4: Loading available Gradle versions] INFO  o.e.b.c.i.u.g.PublishedGradleVersions - Gradle version information cache is out-of-date. Trying to update.
2024-08-25 12:55:02,241 [Worker-11: Building] INFO  o.e.m.c.i.embedder.EclipseLogger - Using 'UTF-8' encoding to copy filtered resources.
2024-08-25 12:55:02,258 [Worker-11: Building] INFO  o.e.m.c.i.embedder.EclipseLogger - skip non existing resourceDirectory C:\Users\Usuario\Documents\Backup 2021\Celina\Universidad\3 er anio\2 do Cuatrimestre\Laboratorio de Programación\TP 1\backend\src\main\resources
2024-08-25 12:55:02,263 [Worker-11: Building] INFO  o.e.m.c.i.embedder.EclipseLogger - Using 'UTF-8' encoding to copy filtered resources.
2024-08-25 12:55:02,263 [Worker-11: Building] INFO  o.e.m.c.i.embedder.EclipseLogger - skip non existing resourceDirectory C:\Users\Usuario\Documents\Backup 2021\Celina\Universidad\3 er anio\2 do Cuatrimestre\Laboratorio de Programación\TP 1\backend\src\test\resources
2024-08-25 12:55:05,153 [Worker-18: Building] INFO  o.e.m.c.i.embedder.EclipseLogger - Using 'UTF-8' encoding to copy filtered resources.
2024-08-25 12:55:05,154 [Worker-18: Building] INFO  o.e.m.c.i.embedder.EclipseLogger - skip non existing resourceDirectory C:\Users\Usuario\Documents\Backup 2021\Celina\Universidad\3 er anio\2 do Cuatrimestre\Laboratorio de Programación\TP 1\backend\src\main\resources
2024-08-25 12:55:05,159 [Worker-18: Building] INFO  o.e.m.c.i.embedder.EclipseLogger - Using 'UTF-8' encoding to copy filtered resources.
2024-08-25 12:55:05,159 [Worker-18: Building] INFO  o.e.m.c.i.embedder.EclipseLogger - skip non existing resourceDirectory C:\Users\Usuario\Documents\Backup 2021\Celina\Universidad\3 er anio\2 do Cuatrimestre\Laboratorio de Programación\TP 1\backend\src\test\resources
2024-08-25 12:55:57,786 [Worker-20: Building] INFO  o.e.m.c.i.embedder.EclipseLogger - Using 'UTF-8' encoding to copy filtered resources.
2024-08-25 12:55:57,787 [Worker-20: Building] INFO  o.e.m.c.i.embedder.EclipseLogger - skip non existing resourceDirectory C:\Users\Usuario\Documents\Backup 2021\Celina\Universidad\3 er anio\2 do Cuatrimestre\Laboratorio de Programación\TP 1\backend\src\main\resources
2024-08-25 12:55:57,789 [Worker-20: Building] INFO  o.e.m.c.i.embedder.EclipseLogger - Using 'UTF-8' encoding to copy filtered resources.
2024-08-25 12:55:57,790 [Worker-20: Building] INFO  o.e.m.c.i.embedder.EclipseLogger - skip non existing resourceDirectory C:\Users\Usuario\Documents\Backup 2021\Celina\Universidad\3 er anio\2 do Cuatrimestre\Laboratorio de Programación\TP 1\backend\src\test\resources
2024-08-25 12:55:59,870 [Worker-18: Building] INFO  o.e.m.c.i.embedder.EclipseLogger - Using 'UTF-8' encoding to copy filtered resources.
2024-08-25 12:55:59,871 [Worker-18: Building] INFO  o.e.m.c.i.embedder.EclipseLogger - skip non existing resourceDirectory C:\Users\Usuario\Documents\Backup 2021\Celina\Universidad\3 er anio\2 do Cuatrimestre\Laboratorio de Programación\TP 1\backend\src\main\resources
2024-08-25 12:55:59,875 [Worker-18: Building] INFO  o.e.m.c.i.embedder.EclipseLogger - Using 'UTF-8' encoding to copy filtered resources.
2024-08-25 12:55:59,875 [Worker-18: Building] INFO  o.e.m.c.i.embedder.EclipseLogger - skip non existing resourceDirectory C:\Users\Usuario\Documents\Backup 2021\Celina\Universidad\3 er anio\2 do Cuatrimestre\Laboratorio de Programación\TP 1\backend\src\test\resources
2024-08-25 12:56:51,599 [Worker-19: Building] INFO  o.e.m.c.i.embedder.EclipseLogger - Using 'UTF-8' encoding to copy filtered resources.
2024-08-25 12:56:51,599 [Worker-19: Building] INFO  o.e.m.c.i.embedder.EclipseLogger - skip non existing resourceDirectory C:\Users\Usuario\Documents\Backup 2021\Celina\Universidad\3 er anio\2 do Cuatrimestre\Laboratorio de Programación\TP 1\backend\src\main\resources
2024-08-25 12:56:51,603 [Worker-19: Building] INFO  o.e.m.c.i.embedder.EclipseLogger - Using 'UTF-8' encoding to copy filtered resources.
2024-08-25 12:56:51,603 [Worker-19: Building] INFO  o.e.m.c.i.embedder.EclipseLogger - skip non existing resourceDirectory C:\Users\Usuario\Documents\Backup 2021\Celina\Universidad\3 er anio\2 do Cuatrimestre\Laboratorio de Programación\TP 1\backend\src\test\resources
2024-08-25 13:08:16,368 [Worker-25: Building] INFO  o.e.m.c.i.embedder.EclipseLogger - Using 'UTF-8' encoding to copy filtered resources.
2024-08-25 13:08:16,370 [Worker-25: Building] INFO  o.e.m.c.i.embedder.EclipseLogger - skip non existing resourceDirectory C:\Users\Usuario\Documents\Backup 2021\Celina\Universidad\3 er anio\2 do Cuatrimestre\Laboratorio de Programación\TP 1\backend\src\main\resources
2024-08-25 13:08:16,373 [Worker-25: Building] INFO  o.e.m.c.i.embedder.EclipseLogger - Using 'UTF-8' encoding to copy filtered resources.
2024-08-25 13:08:16,373 [Worker-25: Building] INFO  o.e.m.c.i.embedder.EclipseLogger - skip non existing resourceDirectory C:\Users\Usuario\Documents\Backup 2021\Celina\Universidad\3 er anio\2 do Cuatrimestre\Laboratorio de Programación\TP 1\backend\src\test\resources
2024-08-25 13:10:48,923 [Worker-23: Building] INFO  o.e.m.c.i.embedder.EclipseLogger - Using 'UTF-8' encoding to copy filtered resources.
2024-08-25 13:10:48,923 [Worker-23: Building] INFO  o.e.m.c.i.embedder.EclipseLogger - skip non existing resourceDirectory C:\Users\Usuario\Documents\Backup 2021\Celina\Universidad\3 er anio\2 do Cuatrimestre\Laboratorio de Programación\TP 1\backend\src\main\resources
2024-08-25 13:10:48,926 [Worker-23: Building] INFO  o.e.m.c.i.embedder.EclipseLogger - Using 'UTF-8' encoding to copy filtered resources.
2024-08-25 13:10:48,926 [Worker-23: Building] INFO  o.e.m.c.i.embedder.EclipseLogger - skip non existing resourceDirectory C:\Users\Usuario\Documents\Backup 2021\Celina\Universidad\3 er anio\2 do Cuatrimestre\Laboratorio de Programación\TP 1\backend\src\test\resources
2024-08-25 13:11:03,012 [Worker-23: Building] INFO  o.e.m.c.i.embedder.EclipseLogger - Using 'UTF-8' encoding to copy filtered resources.
2024-08-25 13:11:03,012 [Worker-23: Building] INFO  o.e.m.c.i.embedder.EclipseLogger - skip non existing resourceDirectory C:\Users\Usuario\Documents\Backup 2021\Celina\Universidad\3 er anio\2 do Cuatrimestre\Laboratorio de Programación\TP 1\backend\src\main\resources
2024-08-25 13:11:03,018 [Worker-23: Building] INFO  o.e.m.c.i.embedder.EclipseLogger - Using 'UTF-8' encoding to copy filtered resources.
2024-08-25 13:11:03,018 [Worker-23: Building] INFO  o.e.m.c.i.embedder.EclipseLogger - skip non existing resourceDirectory C:\Users\Usuario\Documents\Backup 2021\Celina\Universidad\3 er anio\2 do Cuatrimestre\Laboratorio de Programación\TP 1\backend\src\test\resources
2024-08-25 13:11:32,197 [Worker-22: Building] INFO  o.e.m.c.i.embedder.EclipseLogger - Using 'UTF-8' encoding to copy filtered resources.
2024-08-25 13:11:32,197 [Worker-22: Building] INFO  o.e.m.c.i.embedder.EclipseLogger - skip non existing resourceDirectory C:\Users\Usuario\Documents\Backup 2021\Celina\Universidad\3 er anio\2 do Cuatrimestre\Laboratorio de Programación\TP 1\backend\src\main\resources
2024-08-25 13:11:32,201 [Worker-22: Building] INFO  o.e.m.c.i.embedder.EclipseLogger - Using 'UTF-8' encoding to copy filtered resources.
2024-08-25 13:11:32,201 [Worker-22: Building] INFO  o.e.m.c.i.embedder.EclipseLogger - skip non existing resourceDirectory C:\Users\Usuario\Documents\Backup 2021\Celina\Universidad\3 er anio\2 do Cuatrimestre\Laboratorio de Programación\TP 1\backend\src\test\resources
2024-08-25 13:12:11,746 [Worker-26: Building] INFO  o.e.m.c.i.embedder.EclipseLogger - Using 'UTF-8' encoding to copy filtered resources.
2024-08-25 13:12:11,747 [Worker-26: Building] INFO  o.e.m.c.i.embedder.EclipseLogger - skip non existing resourceDirectory C:\Users\Usuario\Documents\Backup 2021\Celina\Universidad\3 er anio\2 do Cuatrimestre\Laboratorio de Programación\TP 1\backend\src\main\resources
2024-08-25 13:12:11,749 [Worker-26: Building] INFO  o.e.m.c.i.embedder.EclipseLogger - Using 'UTF-8' encoding to copy filtered resources.
2024-08-25 13:12:11,749 [Worker-26: Building] INFO  o.e.m.c.i.embedder.EclipseLogger - skip non existing resourceDirectory C:\Users\Usuario\Documents\Backup 2021\Celina\Universidad\3 er anio\2 do Cuatrimestre\Laboratorio de Programación\TP 1\backend\src\test\resources
2024-08-25 13:20:04,215 [Worker-25: Building] INFO  o.e.m.c.i.embedder.EclipseLogger - Using 'UTF-8' encoding to copy filtered resources.
2024-08-25 13:20:04,215 [Worker-25: Building] INFO  o.e.m.c.i.embedder.EclipseLogger - skip non existing resourceDirectory C:\Users\Usuario\Documents\Backup 2021\Celina\Universidad\3 er anio\2 do Cuatrimestre\Laboratorio de Programación\TP 1\backend\src\main\resources
2024-08-25 13:20:04,218 [Worker-25: Building] INFO  o.e.m.c.i.embedder.EclipseLogger - Using 'UTF-8' encoding to copy filtered resources.
2024-08-25 13:20:04,218 [Worker-25: Building] INFO  o.e.m.c.i.embedder.EclipseLogger - skip non existing resourceDirectory C:\Users\Usuario\Documents\Backup 2021\Celina\Universidad\3 er anio\2 do Cuatrimestre\Laboratorio de Programación\TP 1\backend\src\test\resources
2024-08-25 13:20:51,626 [Worker-27: Building] INFO  o.e.m.c.i.embedder.EclipseLogger - Using 'UTF-8' encoding to copy filtered resources.
2024-08-25 13:20:51,626 [Worker-27: Building] INFO  o.e.m.c.i.embedder.EclipseLogger - skip non existing resourceDirectory C:\Users\Usuario\Documents\Backup 2021\Celina\Universidad\3 er anio\2 do Cuatrimestre\Laboratorio de Programación\TP 1\backend\src\main\resources
2024-08-25 13:20:51,629 [Worker-27: Building] INFO  o.e.m.c.i.embedder.EclipseLogger - Using 'UTF-8' encoding to copy filtered resources.
2024-08-25 13:20:51,630 [Worker-27: Building] INFO  o.e.m.c.i.embedder.EclipseLogger - skip non existing resourceDirectory C:\Users\Usuario\Documents\Backup 2021\Celina\Universidad\3 er anio\2 do Cuatrimestre\Laboratorio de Programación\TP 1\backend\src\test\resources
2024-08-25 13:21:10,957 [Worker-25: Building] INFO  o.e.m.c.i.embedder.EclipseLogger - Using 'UTF-8' encoding to copy filtered resources.
2024-08-25 13:21:10,958 [Worker-25: Building] INFO  o.e.m.c.i.embedder.EclipseLogger - skip non existing resourceDirectory C:\Users\Usuario\Documents\Backup 2021\Celina\Universidad\3 er anio\2 do Cuatrimestre\Laboratorio de Programación\TP 1\backend\src\main\resources
2024-08-25 13:21:10,960 [Worker-25: Building] INFO  o.e.m.c.i.embedder.EclipseLogger - Using 'UTF-8' encoding to copy filtered resources.
2024-08-25 13:21:10,961 [Worker-25: Building] INFO  o.e.m.c.i.embedder.EclipseLogger - skip non existing resourceDirectory C:\Users\Usuario\Documents\Backup 2021\Celina\Universidad\3 er anio\2 do Cuatrimestre\Laboratorio de Programación\TP 1\backend\src\test\resources
2024-08-25 13:35:28,513 [Worker-25: Building] INFO  o.e.m.c.i.embedder.EclipseLogger - Using 'UTF-8' encoding to copy filtered resources.
2024-08-25 13:35:28,514 [Worker-25: Building] INFO  o.e.m.c.i.embedder.EclipseLogger - skip non existing resourceDirectory C:\Users\Usuario\Documents\Backup 2021\Celina\Universidad\3 er anio\2 do Cuatrimestre\Laboratorio de Programación\TP 1\backend\src\main\resources
2024-08-25 13:35:28,518 [Worker-25: Building] INFO  o.e.m.c.i.embedder.EclipseLogger - Using 'UTF-8' encoding to copy filtered resources.
2024-08-25 13:35:28,519 [Worker-25: Building] INFO  o.e.m.c.i.embedder.EclipseLogger - skip non existing resourceDirectory C:\Users\Usuario\Documents\Backup 2021\Celina\Universidad\3 er anio\2 do Cuatrimestre\Laboratorio de Programación\TP 1\backend\src\test\resources
2024-08-25 13:35:47,011 [Worker-27: Building] INFO  o.e.m.c.i.embedder.EclipseLogger - Using 'UTF-8' encoding to copy filtered resources.
2024-08-25 13:35:47,011 [Worker-27: Building] INFO  o.e.m.c.i.embedder.EclipseLogger - skip non existing resourceDirectory C:\Users\Usuario\Documents\Backup 2021\Celina\Universidad\3 er anio\2 do Cuatrimestre\Laboratorio de Programación\TP 1\backend\src\main\resources
2024-08-25 13:35:47,016 [Worker-27: Building] INFO  o.e.m.c.i.embedder.EclipseLogger - Using 'UTF-8' encoding to copy filtered resources.
2024-08-25 13:35:47,017 [Worker-27: Building] INFO  o.e.m.c.i.embedder.EclipseLogger - skip non existing resourceDirectory C:\Users\Usuario\Documents\Backup 2021\Celina\Universidad\3 er anio\2 do Cuatrimestre\Laboratorio de Programación\TP 1\backend\src\test\resources
2024-08-25 13:38:06,425 [Worker-28: Building] INFO  o.e.m.c.i.embedder.EclipseLogger - Using 'UTF-8' encoding to copy filtered resources.
2024-08-25 13:38:06,426 [Worker-28: Building] INFO  o.e.m.c.i.embedder.EclipseLogger - skip non existing resourceDirectory C:\Users\Usuario\Documents\Backup 2021\Celina\Universidad\3 er anio\2 do Cuatrimestre\Laboratorio de Programación\TP 1\backend\src\main\resources
2024-08-25 13:38:06,431 [Worker-28: Building] INFO  o.e.m.c.i.embedder.EclipseLogger - Using 'UTF-8' encoding to copy filtered resources.
2024-08-25 13:38:06,431 [Worker-28: Building] INFO  o.e.m.c.i.embedder.EclipseLogger - skip non existing resourceDirectory C:\Users\Usuario\Documents\Backup 2021\Celina\Universidad\3 er anio\2 do Cuatrimestre\Laboratorio de Programación\TP 1\backend\src\test\resources
2024-08-25 13:39:02,230 [Worker-28: Building] INFO  o.e.m.c.i.embedder.EclipseLogger - Using 'UTF-8' encoding to copy filtered resources.
2024-08-25 13:39:02,231 [Worker-28: Building] INFO  o.e.m.c.i.embedder.EclipseLogger - skip non existing resourceDirectory C:\Users\Usuario\Documents\Backup 2021\Celina\Universidad\3 er anio\2 do Cuatrimestre\Laboratorio de Programación\TP 1\backend\src\main\resources
2024-08-25 13:39:02,233 [Worker-28: Building] INFO  o.e.m.c.i.embedder.EclipseLogger - Using 'UTF-8' encoding to copy filtered resources.
2024-08-25 13:39:02,233 [Worker-28: Building] INFO  o.e.m.c.i.embedder.EclipseLogger - skip non existing resourceDirectory C:\Users\Usuario\Documents\Backup 2021\Celina\Universidad\3 er anio\2 do Cuatrimestre\Laboratorio de Programación\TP 1\backend\src\test\resources
2024-08-25 13:40:02,436 [Worker-25: Building] INFO  o.e.m.c.i.embedder.EclipseLogger - Using 'UTF-8' encoding to copy filtered resources.
2024-08-25 13:40:02,437 [Worker-25: Building] INFO  o.e.m.c.i.embedder.EclipseLogger - skip non existing resourceDirectory C:\Users\Usuario\Documents\Backup 2021\Celina\Universidad\3 er anio\2 do Cuatrimestre\Laboratorio de Programación\TP 1\backend\src\main\resources
2024-08-25 13:40:02,439 [Worker-25: Building] INFO  o.e.m.c.i.embedder.EclipseLogger - Using 'UTF-8' encoding to copy filtered resources.
2024-08-25 13:40:02,440 [Worker-25: Building] INFO  o.e.m.c.i.embedder.EclipseLogger - skip non existing resourceDirectory C:\Users\Usuario\Documents\Backup 2021\Celina\Universidad\3 er anio\2 do Cuatrimestre\Laboratorio de Programación\TP 1\backend\src\test\resources
2024-08-25 13:40:43,730 [Worker-28: Building] INFO  o.e.m.c.i.embedder.EclipseLogger - Using 'UTF-8' encoding to copy filtered resources.
2024-08-25 13:40:43,731 [Worker-28: Building] INFO  o.e.m.c.i.embedder.EclipseLogger - skip non existing resourceDirectory C:\Users\Usuario\Documents\Backup 2021\Celina\Universidad\3 er anio\2 do Cuatrimestre\Laboratorio de Programación\TP 1\backend\src\main\resources
2024-08-25 13:40:43,734 [Worker-28: Building] INFO  o.e.m.c.i.embedder.EclipseLogger - Using 'UTF-8' encoding to copy filtered resources.
2024-08-25 13:40:43,735 [Worker-28: Building] INFO  o.e.m.c.i.embedder.EclipseLogger - skip non existing resourceDirectory C:\Users\Usuario\Documents\Backup 2021\Celina\Universidad\3 er anio\2 do Cuatrimestre\Laboratorio de Programación\TP 1\backend\src\test\resources
2024-08-25 13:56:19,279 [Worker-32: Building] INFO  o.e.m.c.i.embedder.EclipseLogger - Using 'UTF-8' encoding to copy filtered resources.
2024-08-25 13:56:19,279 [Worker-32: Building] INFO  o.e.m.c.i.embedder.EclipseLogger - skip non existing resourceDirectory C:\Users\Usuario\Documents\Backup 2021\Celina\Universidad\3 er anio\2 do Cuatrimestre\Laboratorio de Programación\TP 1\backend\src\main\resources
2024-08-25 13:56:19,281 [Worker-32: Building] INFO  o.e.m.c.i.embedder.EclipseLogger - Using 'UTF-8' encoding to copy filtered resources.
2024-08-25 13:56:19,282 [Worker-32: Building] INFO  o.e.m.c.i.embedder.EclipseLogger - skip non existing resourceDirectory C:\Users\Usuario\Documents\Backup 2021\Celina\Universidad\3 er anio\2 do Cuatrimestre\Laboratorio de Programación\TP 1\backend\src\test\resources
2024-08-25 14:23:56,225 [Worker-37: Building] INFO  o.e.m.c.i.embedder.EclipseLogger - Using 'UTF-8' encoding to copy filtered resources.
2024-08-25 14:23:56,226 [Worker-37: Building] INFO  o.e.m.c.i.embedder.EclipseLogger - skip non existing resourceDirectory C:\Users\Usuario\Documents\Backup 2021\Celina\Universidad\3 er anio\2 do Cuatrimestre\Laboratorio de Programación\TP 1\backend\src\main\resources
2024-08-25 14:23:56,229 [Worker-37: Building] INFO  o.e.m.c.i.embedder.EclipseLogger - Using 'UTF-8' encoding to copy filtered resources.
2024-08-25 14:23:56,229 [Worker-37: Building] INFO  o.e.m.c.i.embedder.EclipseLogger - skip non existing resourceDirectory C:\Users\Usuario\Documents\Backup 2021\Celina\Universidad\3 er anio\2 do Cuatrimestre\Laboratorio de Programación\TP 1\backend\src\test\resources
2024-08-25 14:25:54,885 [Worker-37: Building] INFO  o.e.m.c.i.embedder.EclipseLogger - Using 'UTF-8' encoding to copy filtered resources.
2024-08-25 14:25:54,885 [Worker-37: Building] INFO  o.e.m.c.i.embedder.EclipseLogger - skip non existing resourceDirectory C:\Users\Usuario\Documents\Backup 2021\Celina\Universidad\3 er anio\2 do Cuatrimestre\Laboratorio de Programación\TP 1\backend\src\main\resources
2024-08-25 14:25:54,888 [Worker-37: Building] INFO  o.e.m.c.i.embedder.EclipseLogger - Using 'UTF-8' encoding to copy filtered resources.
2024-08-25 14:25:54,888 [Worker-37: Building] INFO  o.e.m.c.i.embedder.EclipseLogger - skip non existing resourceDirectory C:\Users\Usuario\Documents\Backup 2021\Celina\Universidad\3 er anio\2 do Cuatrimestre\Laboratorio de Programación\TP 1\backend\src\test\resources
2024-08-25 14:40:04,167 [Worker-40: Building] INFO  o.e.m.c.i.embedder.EclipseLogger - Using 'UTF-8' encoding to copy filtered resources.
2024-08-25 14:40:04,167 [Worker-40: Building] INFO  o.e.m.c.i.embedder.EclipseLogger - skip non existing resourceDirectory C:\Users\Usuario\Documents\Backup 2021\Celina\Universidad\3 er anio\2 do Cuatrimestre\Laboratorio de Programación\TP 1\backend\src\main\resources
2024-08-25 14:40:04,170 [Worker-40: Building] INFO  o.e.m.c.i.embedder.EclipseLogger - Using 'UTF-8' encoding to copy filtered resources.
2024-08-25 14:40:04,170 [Worker-40: Building] INFO  o.e.m.c.i.embedder.EclipseLogger - skip non existing resourceDirectory C:\Users\Usuario\Documents\Backup 2021\Celina\Universidad\3 er anio\2 do Cuatrimestre\Laboratorio de Programación\TP 1\backend\src\test\resources
2024-08-25 14:51:00,259 [Worker-45: Building] INFO  o.e.m.c.i.embedder.EclipseLogger - Using 'UTF-8' encoding to copy filtered resources.
2024-08-25 14:51:00,260 [Worker-45: Building] INFO  o.e.m.c.i.embedder.EclipseLogger - skip non existing resourceDirectory C:\Users\Usuario\Documents\Backup 2021\Celina\Universidad\3 er anio\2 do Cuatrimestre\Laboratorio de Programación\TP 1\backend\src\main\resources
2024-08-25 14:51:00,262 [Worker-45: Building] INFO  o.e.m.c.i.embedder.EclipseLogger - Using 'UTF-8' encoding to copy filtered resources.
2024-08-25 14:51:00,263 [Worker-45: Building] INFO  o.e.m.c.i.embedder.EclipseLogger - skip non existing resourceDirectory C:\Users\Usuario\Documents\Backup 2021\Celina\Universidad\3 er anio\2 do Cuatrimestre\Laboratorio de Programación\TP 1\backend\src\test\resources
2024-08-25 14:52:22,280 [Worker-48: Building] INFO  o.e.m.c.i.embedder.EclipseLogger - Using 'UTF-8' encoding to copy filtered resources.
2024-08-25 14:52:22,281 [Worker-48: Building] INFO  o.e.m.c.i.embedder.EclipseLogger - skip non existing resourceDirectory C:\Users\Usuario\Documents\Backup 2021\Celina\Universidad\3 er anio\2 do Cuatrimestre\Laboratorio de Programación\TP 1\backend\src\main\resources
2024-08-25 14:52:22,283 [Worker-48: Building] INFO  o.e.m.c.i.embedder.EclipseLogger - Using 'UTF-8' encoding to copy filtered resources.
2024-08-25 14:52:22,283 [Worker-48: Building] INFO  o.e.m.c.i.embedder.EclipseLogger - skip non existing resourceDirectory C:\Users\Usuario\Documents\Backup 2021\Celina\Universidad\3 er anio\2 do Cuatrimestre\Laboratorio de Programación\TP 1\backend\src\test\resources
2024-08-25 14:52:26,369 [Worker-48: Building] INFO  o.e.m.c.i.embedder.EclipseLogger - Using 'UTF-8' encoding to copy filtered resources.
2024-08-25 14:52:26,369 [Worker-48: Building] INFO  o.e.m.c.i.embedder.EclipseLogger - skip non existing resourceDirectory C:\Users\Usuario\Documents\Backup 2021\Celina\Universidad\3 er anio\2 do Cuatrimestre\Laboratorio de Programación\TP 1\backend\src\main\resources
2024-08-25 14:52:26,372 [Worker-48: Building] INFO  o.e.m.c.i.embedder.EclipseLogger - Using 'UTF-8' encoding to copy filtered resources.
2024-08-25 14:52:26,372 [Worker-48: Building] INFO  o.e.m.c.i.embedder.EclipseLogger - skip non existing resourceDirectory C:\Users\Usuario\Documents\Backup 2021\Celina\Universidad\3 er anio\2 do Cuatrimestre\Laboratorio de Programación\TP 1\backend\src\test\resources
2024-08-25 14:54:32,004 [Worker-49: Building] INFO  o.e.m.c.i.embedder.EclipseLogger - Using 'UTF-8' encoding to copy filtered resources.
2024-08-25 14:54:32,004 [Worker-49: Building] INFO  o.e.m.c.i.embedder.EclipseLogger - skip non existing resourceDirectory C:\Users\Usuario\Documents\Backup 2021\Celina\Universidad\3 er anio\2 do Cuatrimestre\Laboratorio de Programación\TP 1\backend\src\main\resources
2024-08-25 14:54:32,007 [Worker-49: Building] INFO  o.e.m.c.i.embedder.EclipseLogger - Using 'UTF-8' encoding to copy filtered resources.
2024-08-25 14:54:32,007 [Worker-49: Building] INFO  o.e.m.c.i.embedder.EclipseLogger - skip non existing resourceDirectory C:\Users\Usuario\Documents\Backup 2021\Celina\Universidad\3 er anio\2 do Cuatrimestre\Laboratorio de Programación\TP 1\backend\src\test\resources
2024-08-25 14:55:13,572 [Worker-49: Building] INFO  o.e.m.c.i.embedder.EclipseLogger - Using 'UTF-8' encoding to copy filtered resources.
2024-08-25 14:55:13,572 [Worker-49: Building] INFO  o.e.m.c.i.embedder.EclipseLogger - skip non existing resourceDirectory C:\Users\Usuario\Documents\Backup 2021\Celina\Universidad\3 er anio\2 do Cuatrimestre\Laboratorio de Programación\TP 1\backend\src\main\resources
2024-08-25 14:55:13,575 [Worker-49: Building] INFO  o.e.m.c.i.embedder.EclipseLogger - Using 'UTF-8' encoding to copy filtered resources.
2024-08-25 14:55:13,575 [Worker-49: Building] INFO  o.e.m.c.i.embedder.EclipseLogger - skip non existing resourceDirectory C:\Users\Usuario\Documents\Backup 2021\Celina\Universidad\3 er anio\2 do Cuatrimestre\Laboratorio de Programación\TP 1\backend\src\test\resources
2024-08-25 14:55:21,562 [Worker-48: Building] INFO  o.e.m.c.i.embedder.EclipseLogger - Using 'UTF-8' encoding to copy filtered resources.
2024-08-25 14:55:21,562 [Worker-48: Building] INFO  o.e.m.c.i.embedder.EclipseLogger - skip non existing resourceDirectory C:\Users\Usuario\Documents\Backup 2021\Celina\Universidad\3 er anio\2 do Cuatrimestre\Laboratorio de Programación\TP 1\backend\src\main\resources
2024-08-25 14:55:21,565 [Worker-48: Building] INFO  o.e.m.c.i.embedder.EclipseLogger - Using 'UTF-8' encoding to copy filtered resources.
2024-08-25 14:55:21,565 [Worker-48: Building] INFO  o.e.m.c.i.embedder.EclipseLogger - skip non existing resourceDirectory C:\Users\Usuario\Documents\Backup 2021\Celina\Universidad\3 er anio\2 do Cuatrimestre\Laboratorio de Programación\TP 1\backend\src\test\resources
2024-08-25 14:55:23,823 [Worker-43: Building] INFO  o.e.m.c.i.embedder.EclipseLogger - Using 'UTF-8' encoding to copy filtered resources.
2024-08-25 14:55:23,823 [Worker-43: Building] INFO  o.e.m.c.i.embedder.EclipseLogger - skip non existing resourceDirectory C:\Users\Usuario\Documents\Backup 2021\Celina\Universidad\3 er anio\2 do Cuatrimestre\Laboratorio de Programación\TP 1\backend\src\main\resources
2024-08-25 14:55:23,825 [Worker-43: Building] INFO  o.e.m.c.i.embedder.EclipseLogger - Using 'UTF-8' encoding to copy filtered resources.
2024-08-25 14:55:23,825 [Worker-43: Building] INFO  o.e.m.c.i.embedder.EclipseLogger - skip non existing resourceDirectory C:\Users\Usuario\Documents\Backup 2021\Celina\Universidad\3 er anio\2 do Cuatrimestre\Laboratorio de Programación\TP 1\backend\src\test\resources
2024-08-25 14:56:02,085 [Worker-36: Building] INFO  o.e.m.c.i.embedder.EclipseLogger - Using 'UTF-8' encoding to copy filtered resources.
2024-08-25 14:56:02,086 [Worker-36: Building] INFO  o.e.m.c.i.embedder.EclipseLogger - skip non existing resourceDirectory C:\Users\Usuario\Documents\Backup 2021\Celina\Universidad\3 er anio\2 do Cuatrimestre\Laboratorio de Programación\TP 1\backend\src\main\resources
2024-08-25 14:56:02,087 [Worker-36: Building] INFO  o.e.m.c.i.embedder.EclipseLogger - Using 'UTF-8' encoding to copy filtered resources.
2024-08-25 14:56:02,088 [Worker-36: Building] INFO  o.e.m.c.i.embedder.EclipseLogger - skip non existing resourceDirectory C:\Users\Usuario\Documents\Backup 2021\Celina\Universidad\3 er anio\2 do Cuatrimestre\Laboratorio de Programación\TP 1\backend\src\test\resources
2024-08-25 14:56:23,336 [Worker-49: Building] INFO  o.e.m.c.i.embedder.EclipseLogger - Using 'UTF-8' encoding to copy filtered resources.
2024-08-25 14:56:23,336 [Worker-49: Building] INFO  o.e.m.c.i.embedder.EclipseLogger - skip non existing resourceDirectory C:\Users\Usuario\Documents\Backup 2021\Celina\Universidad\3 er anio\2 do Cuatrimestre\Laboratorio de Programación\TP 1\backend\src\main\resources
2024-08-25 14:56:23,339 [Worker-49: Building] INFO  o.e.m.c.i.embedder.EclipseLogger - Using 'UTF-8' encoding to copy filtered resources.
2024-08-25 14:56:23,340 [Worker-49: Building] INFO  o.e.m.c.i.embedder.EclipseLogger - skip non existing resourceDirectory C:\Users\Usuario\Documents\Backup 2021\Celina\Universidad\3 er anio\2 do Cuatrimestre\Laboratorio de Programación\TP 1\backend\src\test\resources
2024-08-25 15:01:34,314 [Worker-48: Building] INFO  o.e.m.c.i.embedder.EclipseLogger - Using 'UTF-8' encoding to copy filtered resources.
2024-08-25 15:01:34,315 [Worker-48: Building] INFO  o.e.m.c.i.embedder.EclipseLogger - skip non existing resourceDirectory C:\Users\Usuario\Documents\Backup 2021\Celina\Universidad\3 er anio\2 do Cuatrimestre\Laboratorio de Programación\TP 1\backend\src\main\resources
2024-08-25 15:01:34,318 [Worker-48: Building] INFO  o.e.m.c.i.embedder.EclipseLogger - Using 'UTF-8' encoding to copy filtered resources.
2024-08-25 15:01:34,319 [Worker-48: Building] INFO  o.e.m.c.i.embedder.EclipseLogger - skip non existing resourceDirectory C:\Users\Usuario\Documents\Backup 2021\Celina\Universidad\3 er anio\2 do Cuatrimestre\Laboratorio de Programación\TP 1\backend\src\test\resources
2024-08-25 15:01:59,617 [Worker-48: Building] INFO  o.e.m.c.i.embedder.EclipseLogger - Using 'UTF-8' encoding to copy filtered resources.
2024-08-25 15:01:59,617 [Worker-48: Building] INFO  o.e.m.c.i.embedder.EclipseLogger - skip non existing resourceDirectory C:\Users\Usuario\Documents\Backup 2021\Celina\Universidad\3 er anio\2 do Cuatrimestre\Laboratorio de Programación\TP 1\backend\src\main\resources
2024-08-25 15:01:59,619 [Worker-48: Building] INFO  o.e.m.c.i.embedder.EclipseLogger - Using 'UTF-8' encoding to copy filtered resources.
2024-08-25 15:01:59,620 [Worker-48: Building] INFO  o.e.m.c.i.embedder.EclipseLogger - skip non existing resourceDirectory C:\Users\Usuario\Documents\Backup 2021\Celina\Universidad\3 er anio\2 do Cuatrimestre\Laboratorio de Programación\TP 1\backend\src\test\resources
2024-08-25 15:02:11,893 [Worker-49: Building] INFO  o.e.m.c.i.embedder.EclipseLogger - Using 'UTF-8' encoding to copy filtered resources.
2024-08-25 15:02:11,895 [Worker-49: Building] INFO  o.e.m.c.i.embedder.EclipseLogger - skip non existing resourceDirectory C:\Users\Usuario\Documents\Backup 2021\Celina\Universidad\3 er anio\2 do Cuatrimestre\Laboratorio de Programación\TP 1\backend\src\main\resources
2024-08-25 15:02:11,898 [Worker-49: Building] INFO  o.e.m.c.i.embedder.EclipseLogger - Using 'UTF-8' encoding to copy filtered resources.
2024-08-25 15:02:11,898 [Worker-49: Building] INFO  o.e.m.c.i.embedder.EclipseLogger - skip non existing resourceDirectory C:\Users\Usuario\Documents\Backup 2021\Celina\Universidad\3 er anio\2 do Cuatrimestre\Laboratorio de Programación\TP 1\backend\src\test\resources
2024-08-25 15:02:23,807 [Worker-49: Building] INFO  o.e.m.c.i.embedder.EclipseLogger - Using 'UTF-8' encoding to copy filtered resources.
2024-08-25 15:02:23,807 [Worker-49: Building] INFO  o.e.m.c.i.embedder.EclipseLogger - skip non existing resourceDirectory C:\Users\Usuario\Documents\Backup 2021\Celina\Universidad\3 er anio\2 do Cuatrimestre\Laboratorio de Programación\TP 1\backend\src\main\resources
2024-08-25 15:02:23,810 [Worker-49: Building] INFO  o.e.m.c.i.embedder.EclipseLogger - Using 'UTF-8' encoding to copy filtered resources.
2024-08-25 15:02:23,810 [Worker-49: Building] INFO  o.e.m.c.i.embedder.EclipseLogger - skip non existing resourceDirectory C:\Users\Usuario\Documents\Backup 2021\Celina\Universidad\3 er anio\2 do Cuatrimestre\Laboratorio de Programación\TP 1\backend\src\test\resources
2024-08-25 15:03:21,668 [Worker-43: Building] INFO  o.e.m.c.i.embedder.EclipseLogger - Using 'UTF-8' encoding to copy filtered resources.
2024-08-25 15:03:21,668 [Worker-43: Building] INFO  o.e.m.c.i.embedder.EclipseLogger - skip non existing resourceDirectory C:\Users\Usuario\Documents\Backup 2021\Celina\Universidad\3 er anio\2 do Cuatrimestre\Laboratorio de Programación\TP 1\backend\src\main\resources
2024-08-25 15:03:21,671 [Worker-43: Building] INFO  o.e.m.c.i.embedder.EclipseLogger - Using 'UTF-8' encoding to copy filtered resources.
2024-08-25 15:03:21,671 [Worker-43: Building] INFO  o.e.m.c.i.embedder.EclipseLogger - skip non existing resourceDirectory C:\Users\Usuario\Documents\Backup 2021\Celina\Universidad\3 er anio\2 do Cuatrimestre\Laboratorio de Programación\TP 1\backend\src\test\resources
2024-08-25 15:03:47,231 [Worker-48: Building] INFO  o.e.m.c.i.embedder.EclipseLogger - Using 'UTF-8' encoding to copy filtered resources.
2024-08-25 15:03:47,232 [Worker-48: Building] INFO  o.e.m.c.i.embedder.EclipseLogger - skip non existing resourceDirectory C:\Users\Usuario\Documents\Backup 2021\Celina\Universidad\3 er anio\2 do Cuatrimestre\Laboratorio de Programación\TP 1\backend\src\main\resources
2024-08-25 15:03:47,234 [Worker-48: Building] INFO  o.e.m.c.i.embedder.EclipseLogger - Using 'UTF-8' encoding to copy filtered resources.
2024-08-25 15:03:47,235 [Worker-48: Building] INFO  o.e.m.c.i.embedder.EclipseLogger - skip non existing resourceDirectory C:\Users\Usuario\Documents\Backup 2021\Celina\Universidad\3 er anio\2 do Cuatrimestre\Laboratorio de Programación\TP 1\backend\src\test\resources
2024-08-25 15:03:55,053 [Worker-50: Building] INFO  o.e.m.c.i.embedder.EclipseLogger - Using 'UTF-8' encoding to copy filtered resources.
2024-08-25 15:03:55,054 [Worker-50: Building] INFO  o.e.m.c.i.embedder.EclipseLogger - skip non existing resourceDirectory C:\Users\Usuario\Documents\Backup 2021\Celina\Universidad\3 er anio\2 do Cuatrimestre\Laboratorio de Programación\TP 1\backend\src\main\resources
2024-08-25 15:03:55,057 [Worker-50: Building] INFO  o.e.m.c.i.embedder.EclipseLogger - Using 'UTF-8' encoding to copy filtered resources.
2024-08-25 15:03:55,057 [Worker-50: Building] INFO  o.e.m.c.i.embedder.EclipseLogger - skip non existing resourceDirectory C:\Users\Usuario\Documents\Backup 2021\Celina\Universidad\3 er anio\2 do Cuatrimestre\Laboratorio de Programación\TP 1\backend\src\test\resources
2024-08-25 15:04:19,231 [Worker-36: Building] INFO  o.e.m.c.i.embedder.EclipseLogger - Using 'UTF-8' encoding to copy filtered resources.
2024-08-25 15:04:19,232 [Worker-36: Building] INFO  o.e.m.c.i.embedder.EclipseLogger - skip non existing resourceDirectory C:\Users\Usuario\Documents\Backup 2021\Celina\Universidad\3 er anio\2 do Cuatrimestre\Laboratorio de Programación\TP 1\backend\src\main\resources
2024-08-25 15:04:19,233 [Worker-36: Building] INFO  o.e.m.c.i.embedder.EclipseLogger - Using 'UTF-8' encoding to copy filtered resources.
2024-08-25 15:04:19,234 [Worker-36: Building] INFO  o.e.m.c.i.embedder.EclipseLogger - skip non existing resourceDirectory C:\Users\Usuario\Documents\Backup 2021\Celina\Universidad\3 er anio\2 do Cuatrimestre\Laboratorio de Programación\TP 1\backend\src\test\resources
2024-08-25 15:18:54,985 [Worker-52: Building] INFO  o.e.m.c.i.embedder.EclipseLogger - Using 'UTF-8' encoding to copy filtered resources.
2024-08-25 15:18:54,986 [Worker-52: Building] INFO  o.e.m.c.i.embedder.EclipseLogger - skip non existing resourceDirectory C:\Users\Usuario\Documents\Backup 2021\Celina\Universidad\3 er anio\2 do Cuatrimestre\Laboratorio de Programación\TP 1\backend\src\main\resources
2024-08-25 15:18:54,987 [Worker-52: Building] INFO  o.e.m.c.i.embedder.EclipseLogger - Using 'UTF-8' encoding to copy filtered resources.
2024-08-25 15:18:54,988 [Worker-52: Building] INFO  o.e.m.c.i.embedder.EclipseLogger - skip non existing resourceDirectory C:\Users\Usuario\Documents\Backup 2021\Celina\Universidad\3 er anio\2 do Cuatrimestre\Laboratorio de Programación\TP 1\backend\src\test\resources
2024-08-25 15:19:35,640 [Worker-53: Building] INFO  o.e.m.c.i.embedder.EclipseLogger - Using 'UTF-8' encoding to copy filtered resources.
2024-08-25 15:19:35,640 [Worker-53: Building] INFO  o.e.m.c.i.embedder.EclipseLogger - skip non existing resourceDirectory C:\Users\Usuario\Documents\Backup 2021\Celina\Universidad\3 er anio\2 do Cuatrimestre\Laboratorio de Programación\TP 1\backend\src\main\resources
2024-08-25 15:19:35,642 [Worker-53: Building] INFO  o.e.m.c.i.embedder.EclipseLogger - Using 'UTF-8' encoding to copy filtered resources.
2024-08-25 15:19:35,643 [Worker-53: Building] INFO  o.e.m.c.i.embedder.EclipseLogger - skip non existing resourceDirectory C:\Users\Usuario\Documents\Backup 2021\Celina\Universidad\3 er anio\2 do Cuatrimestre\Laboratorio de Programación\TP 1\backend\src\test\resources
2024-08-25 15:19:38,030 [Worker-48: Building] INFO  o.e.m.c.i.embedder.EclipseLogger - Using 'UTF-8' encoding to copy filtered resources.
2024-08-25 15:19:38,031 [Worker-48: Building] INFO  o.e.m.c.i.embedder.EclipseLogger - skip non existing resourceDirectory C:\Users\Usuario\Documents\Backup 2021\Celina\Universidad\3 er anio\2 do Cuatrimestre\Laboratorio de Programación\TP 1\backend\src\main\resources
2024-08-25 15:19:38,034 [Worker-48: Building] INFO  o.e.m.c.i.embedder.EclipseLogger - Using 'UTF-8' encoding to copy filtered resources.
2024-08-25 15:19:38,034 [Worker-48: Building] INFO  o.e.m.c.i.embedder.EclipseLogger - skip non existing resourceDirectory C:\Users\Usuario\Documents\Backup 2021\Celina\Universidad\3 er anio\2 do Cuatrimestre\Laboratorio de Programación\TP 1\backend\src\test\resources
2024-08-25 15:20:02,339 [Worker-53: Building] INFO  o.e.m.c.i.embedder.EclipseLogger - Using 'UTF-8' encoding to copy filtered resources.
2024-08-25 15:20:02,339 [Worker-53: Building] INFO  o.e.m.c.i.embedder.EclipseLogger - skip non existing resourceDirectory C:\Users\Usuario\Documents\Backup 2021\Celina\Universidad\3 er anio\2 do Cuatrimestre\Laboratorio de Programación\TP 1\backend\src\main\resources
2024-08-25 15:20:02,341 [Worker-53: Building] INFO  o.e.m.c.i.embedder.EclipseLogger - Using 'UTF-8' encoding to copy filtered resources.
2024-08-25 15:20:02,341 [Worker-53: Building] INFO  o.e.m.c.i.embedder.EclipseLogger - skip non existing resourceDirectory C:\Users\Usuario\Documents\Backup 2021\Celina\Universidad\3 er anio\2 do Cuatrimestre\Laboratorio de Programación\TP 1\backend\src\test\resources
2024-08-25 15:20:39,702 [Worker-52: Building] INFO  o.e.m.c.i.embedder.EclipseLogger - Using 'UTF-8' encoding to copy filtered resources.
2024-08-25 15:20:39,702 [Worker-52: Building] INFO  o.e.m.c.i.embedder.EclipseLogger - skip non existing resourceDirectory C:\Users\Usuario\Documents\Backup 2021\Celina\Universidad\3 er anio\2 do Cuatrimestre\Laboratorio de Programación\TP 1\backend\src\main\resources
2024-08-25 15:20:39,704 [Worker-52: Building] INFO  o.e.m.c.i.embedder.EclipseLogger - Using 'UTF-8' encoding to copy filtered resources.
2024-08-25 15:20:39,705 [Worker-52: Building] INFO  o.e.m.c.i.embedder.EclipseLogger - skip non existing resourceDirectory C:\Users\Usuario\Documents\Backup 2021\Celina\Universidad\3 er anio\2 do Cuatrimestre\Laboratorio de Programación\TP 1\backend\src\test\resources
2024-08-25 15:21:10,195 [Worker-54: Building] INFO  o.e.m.c.i.embedder.EclipseLogger - Using 'UTF-8' encoding to copy filtered resources.
2024-08-25 15:21:10,196 [Worker-54: Building] INFO  o.e.m.c.i.embedder.EclipseLogger - skip non existing resourceDirectory C:\Users\Usuario\Documents\Backup 2021\Celina\Universidad\3 er anio\2 do Cuatrimestre\Laboratorio de Programación\TP 1\backend\src\main\resources
2024-08-25 15:21:10,198 [Worker-54: Building] INFO  o.e.m.c.i.embedder.EclipseLogger - Using 'UTF-8' encoding to copy filtered resources.
2024-08-25 15:21:10,198 [Worker-54: Building] INFO  o.e.m.c.i.embedder.EclipseLogger - skip non existing resourceDirectory C:\Users\Usuario\Documents\Backup 2021\Celina\Universidad\3 er anio\2 do Cuatrimestre\Laboratorio de Programación\TP 1\backend\src\test\resources
2024-08-25 15:21:25,481 [Worker-54: Building] INFO  o.e.m.c.i.embedder.EclipseLogger - Using 'UTF-8' encoding to copy filtered resources.
2024-08-25 15:21:25,481 [Worker-54: Building] INFO  o.e.m.c.i.embedder.EclipseLogger - skip non existing resourceDirectory C:\Users\Usuario\Documents\Backup 2021\Celina\Universidad\3 er anio\2 do Cuatrimestre\Laboratorio de Programación\TP 1\backend\src\main\resources
2024-08-25 15:21:25,483 [Worker-54: Building] INFO  o.e.m.c.i.embedder.EclipseLogger - Using 'UTF-8' encoding to copy filtered resources.
2024-08-25 15:21:25,483 [Worker-54: Building] INFO  o.e.m.c.i.embedder.EclipseLogger - skip non existing resourceDirectory C:\Users\Usuario\Documents\Backup 2021\Celina\Universidad\3 er anio\2 do Cuatrimestre\Laboratorio de Programación\TP 1\backend\src\test\resources
2024-08-25 15:24:56,078 [Worker-53: Building] INFO  o.e.m.c.i.embedder.EclipseLogger - Using 'UTF-8' encoding to copy filtered resources.
2024-08-25 15:24:56,078 [Worker-53: Building] INFO  o.e.m.c.i.embedder.EclipseLogger - skip non existing resourceDirectory C:\Users\Usuario\Documents\Backup 2021\Celina\Universidad\3 er anio\2 do Cuatrimestre\Laboratorio de Programación\TP 1\backend\src\main\resources
2024-08-25 15:24:56,081 [Worker-53: Building] INFO  o.e.m.c.i.embedder.EclipseLogger - Using 'UTF-8' encoding to copy filtered resources.
2024-08-25 15:24:56,083 [Worker-53: Building] INFO  o.e.m.c.i.embedder.EclipseLogger - skip non existing resourceDirectory C:\Users\Usuario\Documents\Backup 2021\Celina\Universidad\3 er anio\2 do Cuatrimestre\Laboratorio de Programación\TP 1\backend\src\test\resources
2024-08-25 15:32:08,347 [Worker-53: Building] INFO  o.e.m.c.i.embedder.EclipseLogger - Using 'UTF-8' encoding to copy filtered resources.
2024-08-25 15:32:08,347 [Worker-53: Building] INFO  o.e.m.c.i.embedder.EclipseLogger - skip non existing resourceDirectory C:\Users\Usuario\Documents\Backup 2021\Celina\Universidad\3 er anio\2 do Cuatrimestre\Laboratorio de Programación\TP 1\backend\src\main\resources
2024-08-25 15:32:08,349 [Worker-53: Building] INFO  o.e.m.c.i.embedder.EclipseLogger - Using 'UTF-8' encoding to copy filtered resources.
2024-08-25 15:32:08,349 [Worker-53: Building] INFO  o.e.m.c.i.embedder.EclipseLogger - skip non existing resourceDirectory C:\Users\Usuario\Documents\Backup 2021\Celina\Universidad\3 er anio\2 do Cuatrimestre\Laboratorio de Programación\TP 1\backend\src\test\resources
2024-08-25 15:32:16,182 [Worker-56: Building] INFO  o.e.m.c.i.embedder.EclipseLogger - Using 'UTF-8' encoding to copy filtered resources.
2024-08-25 15:32:16,183 [Worker-56: Building] INFO  o.e.m.c.i.embedder.EclipseLogger - skip non existing resourceDirectory C:\Users\Usuario\Documents\Backup 2021\Celina\Universidad\3 er anio\2 do Cuatrimestre\Laboratorio de Programación\TP 1\backend\src\main\resources
2024-08-25 15:32:16,185 [Worker-56: Building] INFO  o.e.m.c.i.embedder.EclipseLogger - Using 'UTF-8' encoding to copy filtered resources.
2024-08-25 15:32:16,185 [Worker-56: Building] INFO  o.e.m.c.i.embedder.EclipseLogger - skip non existing resourceDirectory C:\Users\Usuario\Documents\Backup 2021\Celina\Universidad\3 er anio\2 do Cuatrimestre\Laboratorio de Programación\TP 1\backend\src\test\resources
2024-08-25 15:39:26,114 [Worker-61: Building] INFO  o.e.m.c.i.embedder.EclipseLogger - Using 'UTF-8' encoding to copy filtered resources.
2024-08-25 15:39:26,114 [Worker-61: Building] INFO  o.e.m.c.i.embedder.EclipseLogger - skip non existing resourceDirectory C:\Users\Usuario\Documents\Backup 2021\Celina\Universidad\3 er anio\2 do Cuatrimestre\Laboratorio de Programación\TP 1\backend\src\main\resources
2024-08-25 15:39:26,117 [Worker-61: Building] INFO  o.e.m.c.i.embedder.EclipseLogger - Using 'UTF-8' encoding to copy filtered resources.
2024-08-25 15:39:26,117 [Worker-61: Building] INFO  o.e.m.c.i.embedder.EclipseLogger - skip non existing resourceDirectory C:\Users\Usuario\Documents\Backup 2021\Celina\Universidad\3 er anio\2 do Cuatrimestre\Laboratorio de Programación\TP 1\backend\src\test\resources
2024-08-25 15:39:32,464 [Worker-56: Building] INFO  o.e.m.c.i.embedder.EclipseLogger - Using 'UTF-8' encoding to copy filtered resources.
2024-08-25 15:39:32,465 [Worker-56: Building] INFO  o.e.m.c.i.embedder.EclipseLogger - skip non existing resourceDirectory C:\Users\Usuario\Documents\Backup 2021\Celina\Universidad\3 er anio\2 do Cuatrimestre\Laboratorio de Programación\TP 1\backend\src\main\resources
2024-08-25 15:39:32,467 [Worker-56: Building] INFO  o.e.m.c.i.embedder.EclipseLogger - Using 'UTF-8' encoding to copy filtered resources.
2024-08-25 15:39:32,467 [Worker-56: Building] INFO  o.e.m.c.i.embedder.EclipseLogger - skip non existing resourceDirectory C:\Users\Usuario\Documents\Backup 2021\Celina\Universidad\3 er anio\2 do Cuatrimestre\Laboratorio de Programación\TP 1\backend\src\test\resources
2024-08-25 15:39:53,285 [Worker-56: Building] INFO  o.e.m.c.i.embedder.EclipseLogger - Using 'UTF-8' encoding to copy filtered resources.
2024-08-25 15:39:53,285 [Worker-56: Building] INFO  o.e.m.c.i.embedder.EclipseLogger - skip non existing resourceDirectory C:\Users\Usuario\Documents\Backup 2021\Celina\Universidad\3 er anio\2 do Cuatrimestre\Laboratorio de Programación\TP 1\backend\src\main\resources
2024-08-25 15:39:53,286 [Worker-56: Building] INFO  o.e.m.c.i.embedder.EclipseLogger - Using 'UTF-8' encoding to copy filtered resources.
2024-08-25 15:39:53,286 [Worker-56: Building] INFO  o.e.m.c.i.embedder.EclipseLogger - skip non existing resourceDirectory C:\Users\Usuario\Documents\Backup 2021\Celina\Universidad\3 er anio\2 do Cuatrimestre\Laboratorio de Programación\TP 1\backend\src\test\resources
2024-08-25 15:41:28,564 [Worker-62: Building] INFO  o.e.m.c.i.embedder.EclipseLogger - Using 'UTF-8' encoding to copy filtered resources.
2024-08-25 15:41:28,565 [Worker-62: Building] INFO  o.e.m.c.i.embedder.EclipseLogger - skip non existing resourceDirectory C:\Users\Usuario\Documents\Backup 2021\Celina\Universidad\3 er anio\2 do Cuatrimestre\Laboratorio de Programación\TP 1\backend\src\main\resources
2024-08-25 15:41:28,567 [Worker-62: Building] INFO  o.e.m.c.i.embedder.EclipseLogger - Using 'UTF-8' encoding to copy filtered resources.
2024-08-25 15:41:28,567 [Worker-62: Building] INFO  o.e.m.c.i.embedder.EclipseLogger - skip non existing resourceDirectory C:\Users\Usuario\Documents\Backup 2021\Celina\Universidad\3 er anio\2 do Cuatrimestre\Laboratorio de Programación\TP 1\backend\src\test\resources
2024-08-25 15:44:06,606 [Worker-56: Building] INFO  o.e.m.c.i.embedder.EclipseLogger - Using 'UTF-8' encoding to copy filtered resources.
2024-08-25 15:44:06,606 [Worker-56: Building] INFO  o.e.m.c.i.embedder.EclipseLogger - skip non existing resourceDirectory C:\Users\Usuario\Documents\Backup 2021\Celina\Universidad\3 er anio\2 do Cuatrimestre\Laboratorio de Programación\TP 1\backend\src\main\resources
2024-08-25 15:44:06,608 [Worker-56: Building] INFO  o.e.m.c.i.embedder.EclipseLogger - Using 'UTF-8' encoding to copy filtered resources.
2024-08-25 15:44:06,608 [Worker-56: Building] INFO  o.e.m.c.i.embedder.EclipseLogger - skip non existing resourceDirectory C:\Users\Usuario\Documents\Backup 2021\Celina\Universidad\3 er anio\2 do Cuatrimestre\Laboratorio de Programación\TP 1\backend\src\test\resources
2024-08-25 15:52:55,014 [Worker-56: Building] INFO  o.e.m.c.i.embedder.EclipseLogger - Using 'UTF-8' encoding to copy filtered resources.
2024-08-25 15:52:55,014 [Worker-56: Building] INFO  o.e.m.c.i.embedder.EclipseLogger - skip non existing resourceDirectory C:\Users\Usuario\Documents\Backup 2021\Celina\Universidad\3 er anio\2 do Cuatrimestre\Laboratorio de Programación\TP 1\backend\src\main\resources
2024-08-25 15:52:55,016 [Worker-56: Building] INFO  o.e.m.c.i.embedder.EclipseLogger - Using 'UTF-8' encoding to copy filtered resources.
2024-08-25 15:52:55,016 [Worker-56: Building] INFO  o.e.m.c.i.embedder.EclipseLogger - skip non existing resourceDirectory C:\Users\Usuario\Documents\Backup 2021\Celina\Universidad\3 er anio\2 do Cuatrimestre\Laboratorio de Programación\TP 1\backend\src\test\resources
2024-08-25 15:53:06,641 [Worker-64: Building] INFO  o.e.m.c.i.embedder.EclipseLogger - Using 'UTF-8' encoding to copy filtered resources.
2024-08-25 15:53:06,641 [Worker-64: Building] INFO  o.e.m.c.i.embedder.EclipseLogger - skip non existing resourceDirectory C:\Users\Usuario\Documents\Backup 2021\Celina\Universidad\3 er anio\2 do Cuatrimestre\Laboratorio de Programación\TP 1\backend\src\main\resources
2024-08-25 15:53:06,643 [Worker-64: Building] INFO  o.e.m.c.i.embedder.EclipseLogger - Using 'UTF-8' encoding to copy filtered resources.
2024-08-25 15:53:06,643 [Worker-64: Building] INFO  o.e.m.c.i.embedder.EclipseLogger - skip non existing resourceDirectory C:\Users\Usuario\Documents\Backup 2021\Celina\Universidad\3 er anio\2 do Cuatrimestre\Laboratorio de Programación\TP 1\backend\src\test\resources
2024-08-25 15:53:29,913 [Worker-58: Building] INFO  o.e.m.c.i.embedder.EclipseLogger - Using 'UTF-8' encoding to copy filtered resources.
2024-08-25 15:53:29,913 [Worker-58: Building] INFO  o.e.m.c.i.embedder.EclipseLogger - skip non existing resourceDirectory C:\Users\Usuario\Documents\Backup 2021\Celina\Universidad\3 er anio\2 do Cuatrimestre\Laboratorio de Programación\TP 1\backend\src\main\resources
2024-08-25 15:53:29,915 [Worker-58: Building] INFO  o.e.m.c.i.embedder.EclipseLogger - Using 'UTF-8' encoding to copy filtered resources.
2024-08-25 15:53:29,915 [Worker-58: Building] INFO  o.e.m.c.i.embedder.EclipseLogger - skip non existing resourceDirectory C:\Users\Usuario\Documents\Backup 2021\Celina\Universidad\3 er anio\2 do Cuatrimestre\Laboratorio de Programación\TP 1\backend\src\test\resources
2024-08-25 15:55:13,029 [Worker-66: Building] INFO  o.e.m.c.i.embedder.EclipseLogger - Using 'UTF-8' encoding to copy filtered resources.
2024-08-25 15:55:13,029 [Worker-66: Building] INFO  o.e.m.c.i.embedder.EclipseLogger - skip non existing resourceDirectory C:\Users\Usuario\Documents\Backup 2021\Celina\Universidad\3 er anio\2 do Cuatrimestre\Laboratorio de Programación\TP 1\backend\src\main\resources
2024-08-25 15:55:13,031 [Worker-66: Building] INFO  o.e.m.c.i.embedder.EclipseLogger - Using 'UTF-8' encoding to copy filtered resources.
2024-08-25 15:55:13,031 [Worker-66: Building] INFO  o.e.m.c.i.embedder.EclipseLogger - skip non existing resourceDirectory C:\Users\Usuario\Documents\Backup 2021\Celina\Universidad\3 er anio\2 do Cuatrimestre\Laboratorio de Programación\TP 1\backend\src\test\resources
2024-08-25 16:01:52,329 [Worker-68: Building] INFO  o.e.m.c.i.embedder.EclipseLogger - Using 'UTF-8' encoding to copy filtered resources.
2024-08-25 16:01:52,329 [Worker-68: Building] INFO  o.e.m.c.i.embedder.EclipseLogger - skip non existing resourceDirectory C:\Users\Usuario\Documents\Backup 2021\Celina\Universidad\3 er anio\2 do Cuatrimestre\Laboratorio de Programación\TP 1\backend\src\main\resources
2024-08-25 16:01:52,331 [Worker-68: Building] INFO  o.e.m.c.i.embedder.EclipseLogger - Using 'UTF-8' encoding to copy filtered resources.
2024-08-25 16:01:52,331 [Worker-68: Building] INFO  o.e.m.c.i.embedder.EclipseLogger - skip non existing resourceDirectory C:\Users\Usuario\Documents\Backup 2021\Celina\Universidad\3 er anio\2 do Cuatrimestre\Laboratorio de Programación\TP 1\backend\src\test\resources
2024-08-25 16:02:09,844 [Worker-64: Building] INFO  o.e.m.c.i.embedder.EclipseLogger - Using 'UTF-8' encoding to copy filtered resources.
2024-08-25 16:02:09,845 [Worker-64: Building] INFO  o.e.m.c.i.embedder.EclipseLogger - skip non existing resourceDirectory C:\Users\Usuario\Documents\Backup 2021\Celina\Universidad\3 er anio\2 do Cuatrimestre\Laboratorio de Programación\TP 1\backend\src\main\resources
2024-08-25 16:02:09,847 [Worker-64: Building] INFO  o.e.m.c.i.embedder.EclipseLogger - Using 'UTF-8' encoding to copy filtered resources.
2024-08-25 16:02:09,847 [Worker-64: Building] INFO  o.e.m.c.i.embedder.EclipseLogger - skip non existing resourceDirectory C:\Users\Usuario\Documents\Backup 2021\Celina\Universidad\3 er anio\2 do Cuatrimestre\Laboratorio de Programación\TP 1\backend\src\test\resources
2024-08-25 16:15:33,744 [Worker-73: Building] INFO  o.e.m.c.i.embedder.EclipseLogger - Using 'UTF-8' encoding to copy filtered resources.
2024-08-25 16:15:33,744 [Worker-73: Building] INFO  o.e.m.c.i.embedder.EclipseLogger - skip non existing resourceDirectory C:\Users\Usuario\Documents\Backup 2021\Celina\Universidad\3 er anio\2 do Cuatrimestre\Laboratorio de Programación\TP 1\backend\src\main\resources
2024-08-25 16:15:33,747 [Worker-73: Building] INFO  o.e.m.c.i.embedder.EclipseLogger - Using 'UTF-8' encoding to copy filtered resources.
2024-08-25 16:15:33,747 [Worker-73: Building] INFO  o.e.m.c.i.embedder.EclipseLogger - skip non existing resourceDirectory C:\Users\Usuario\Documents\Backup 2021\Celina\Universidad\3 er anio\2 do Cuatrimestre\Laboratorio de Programación\TP 1\backend\src\test\resources
2024-08-25 16:15:50,260 [Worker-73: Building] INFO  o.e.m.c.i.embedder.EclipseLogger - Using 'UTF-8' encoding to copy filtered resources.
2024-08-25 16:15:50,261 [Worker-73: Building] INFO  o.e.m.c.i.embedder.EclipseLogger - skip non existing resourceDirectory C:\Users\Usuario\Documents\Backup 2021\Celina\Universidad\3 er anio\2 do Cuatrimestre\Laboratorio de Programación\TP 1\backend\src\main\resources
2024-08-25 16:15:50,282 [Worker-73: Building] INFO  o.e.m.c.i.embedder.EclipseLogger - Using 'UTF-8' encoding to copy filtered resources.
2024-08-25 16:15:50,282 [Worker-73: Building] INFO  o.e.m.c.i.embedder.EclipseLogger - skip non existing resourceDirectory C:\Users\Usuario\Documents\Backup 2021\Celina\Universidad\3 er anio\2 do Cuatrimestre\Laboratorio de Programación\TP 1\backend\src\test\resources
2024-08-25 16:17:02,938 [Worker-78: Building] INFO  o.e.m.c.i.embedder.EclipseLogger - Using 'UTF-8' encoding to copy filtered resources.
2024-08-25 16:17:02,939 [Worker-78: Building] INFO  o.e.m.c.i.embedder.EclipseLogger - skip non existing resourceDirectory C:\Users\Usuario\Documents\Backup 2021\Celina\Universidad\3 er anio\2 do Cuatrimestre\Laboratorio de Programación\TP 1\backend\src\main\resources
2024-08-25 16:17:02,942 [Worker-78: Building] INFO  o.e.m.c.i.embedder.EclipseLogger - Using 'UTF-8' encoding to copy filtered resources.
2024-08-25 16:17:02,942 [Worker-78: Building] INFO  o.e.m.c.i.embedder.EclipseLogger - skip non existing resourceDirectory C:\Users\Usuario\Documents\Backup 2021\Celina\Universidad\3 er anio\2 do Cuatrimestre\Laboratorio de Programación\TP 1\backend\src\test\resources
2024-08-25 16:17:05,197 [Worker-75: Building] INFO  o.e.m.c.i.embedder.EclipseLogger - Using 'UTF-8' encoding to copy filtered resources.
2024-08-25 16:17:05,197 [Worker-75: Building] INFO  o.e.m.c.i.embedder.EclipseLogger - skip non existing resourceDirectory C:\Users\Usuario\Documents\Backup 2021\Celina\Universidad\3 er anio\2 do Cuatrimestre\Laboratorio de Programación\TP 1\backend\src\main\resources
2024-08-25 16:17:05,200 [Worker-75: Building] INFO  o.e.m.c.i.embedder.EclipseLogger - Using 'UTF-8' encoding to copy filtered resources.
2024-08-25 16:17:05,200 [Worker-75: Building] INFO  o.e.m.c.i.embedder.EclipseLogger - skip non existing resourceDirectory C:\Users\Usuario\Documents\Backup 2021\Celina\Universidad\3 er anio\2 do Cuatrimestre\Laboratorio de Programación\TP 1\backend\src\test\resources
2024-08-25 16:26:46,508 [Worker-87: Creating project "tp1"] INFO  o.e.m.c.i.l.LifecycleMappingFactory - Using org.eclipse.m2e.jdt.JarLifecycleMapping lifecycle mapping for MavenProject: laboratorio-programacion:tp1:0.0.1-SNAPSHOT @ C:\Users\Usuario\Documents\Backup 2021\Celina\Universidad\3 er anio\2 do Cuatrimestre\Laboratorio de Programación\TP 1\tp1\pom.xml.
2024-08-25 16:26:47,698 [Worker-87: Creating project "tp1"] INFO  o.e.m.j.i.AbstractJavaProjectConfigurator - Adding source folder /tp1/src/main/java
2024-08-25 16:26:47,700 [Worker-87: Creating project "tp1"] INFO  o.e.m.j.i.AbstractJavaProjectConfigurator - Adding resource folder /tp1/src/main/resources
2024-08-25 16:26:47,701 [Worker-87: Creating project "tp1"] INFO  o.e.m.j.i.AbstractJavaProjectConfigurator - Adding source folder /tp1/src/test/java
2024-08-25 16:26:47,701 [Worker-87: Creating project "tp1"] INFO  o.e.m.j.i.AbstractJavaProjectConfigurator - Adding resource folder /tp1/src/test/resources
2024-08-25 16:26:48,004 [Worker-88: Building] WARN  o.e.m.c.i.embedder.EclipseLogger - Using platform encoding (Cp1252 actually) to copy filtered resources, i.e. build is platform dependent!
2024-08-25 16:26:48,009 [Worker-88: Building] INFO  o.e.m.c.i.embedder.EclipseLogger - Copying 0 resource
2024-08-25 16:26:48,012 [Worker-88: Building] WARN  o.e.m.c.i.embedder.EclipseLogger - Using platform encoding (Cp1252 actually) to copy filtered resources, i.e. build is platform dependent!
2024-08-25 16:26:48,013 [Worker-88: Building] INFO  o.e.m.c.i.embedder.EclipseLogger - Copying 0 resource
2024-08-25 16:27:36,901 [Worker-89: Building] WARN  o.e.m.c.i.embedder.EclipseLogger - Using platform encoding (Cp1252 actually) to copy filtered resources, i.e. build is platform dependent!
2024-08-25 16:27:36,907 [Worker-89: Building] INFO  o.e.m.c.i.embedder.EclipseLogger - Copying 0 resource
2024-08-25 16:27:36,909 [Worker-89: Building] WARN  o.e.m.c.i.embedder.EclipseLogger - Using platform encoding (Cp1252 actually) to copy filtered resources, i.e. build is platform dependent!
2024-08-25 16:27:36,911 [Worker-89: Building] INFO  o.e.m.c.i.embedder.EclipseLogger - Copying 0 resource
2024-08-25 16:27:46,083 [Worker-88: Building] WARN  o.e.m.c.i.embedder.EclipseLogger - Using platform encoding (Cp1252 actually) to copy filtered resources, i.e. build is platform dependent!
2024-08-25 16:27:46,084 [Worker-88: Building] INFO  o.e.m.c.i.embedder.EclipseLogger - Copying 0 resource
2024-08-25 16:27:46,087 [Worker-88: Building] WARN  o.e.m.c.i.embedder.EclipseLogger - Using platform encoding (Cp1252 actually) to copy filtered resources, i.e. build is platform dependent!
2024-08-25 16:27:46,088 [Worker-88: Building] INFO  o.e.m.c.i.embedder.EclipseLogger - Copying 0 resource
2024-08-25 16:27:49,484 [Worker-88: Building] WARN  o.e.m.c.i.embedder.EclipseLogger - Using platform encoding (Cp1252 actually) to copy filtered resources, i.e. build is platform dependent!
2024-08-25 16:27:49,486 [Worker-88: Building] INFO  o.e.m.c.i.embedder.EclipseLogger - Copying 0 resource
2024-08-25 16:27:49,490 [Worker-88: Building] WARN  o.e.m.c.i.embedder.EclipseLogger - Using platform encoding (Cp1252 actually) to copy filtered resources, i.e. build is platform dependent!
2024-08-25 16:27:49,491 [Worker-88: Building] INFO  o.e.m.c.i.embedder.EclipseLogger - Copying 0 resource
2024-08-25 16:28:05,941 [Worker-89: Building] WARN  o.e.m.c.i.embedder.EclipseLogger - Using platform encoding (Cp1252 actually) to copy filtered resources, i.e. build is platform dependent!
2024-08-25 16:28:05,943 [Worker-89: Building] INFO  o.e.m.c.i.embedder.EclipseLogger - Copying 0 resource
2024-08-25 16:28:05,945 [Worker-89: Building] WARN  o.e.m.c.i.embedder.EclipseLogger - Using platform encoding (Cp1252 actually) to copy filtered resources, i.e. build is platform dependent!
2024-08-25 16:28:05,946 [Worker-89: Building] INFO  o.e.m.c.i.embedder.EclipseLogger - Copying 0 resource
2024-08-25 16:28:59,839 [Worker-87: Updating Maven Dependencies] ERROR o.e.m.j.i.l.MavenLaunchConfigurationListener - Launch configuration Test references closed project backend
org.eclipse.core.runtime.CoreException: Launch configuration Test references closed project backend
	at org.eclipse.jdt.launching.JavaRuntime.abort(JavaRuntime.java:1861)
	at org.eclipse.jdt.launching.JavaRuntime.getJavaProject(JavaRuntime.java:1733)
	at org.eclipse.m2e.jdt.internal.launch.MavenLaunchConfigurationListener.updateLaunchConfiguration(MavenLaunchConfigurationListener.java:64)
	at org.eclipse.m2e.jdt.internal.launch.MavenLaunchConfigurationListener.launchConfigurationChanged(MavenLaunchConfigurationListener.java:50)
	at org.eclipse.debug.internal.core.LaunchManager$ConfigurationNotifier.run(LaunchManager.java:225)
	at org.eclipse.core.runtime.SafeRunner.run(SafeRunner.java:45)
	at org.eclipse.debug.internal.core.LaunchManager$ConfigurationNotifier.notify(LaunchManager.java:209)
	at org.eclipse.debug.internal.core.LaunchConfigurationWorkingCopy.setDirty(LaunchConfigurationWorkingCopy.java:524)
	at org.eclipse.debug.internal.core.LaunchConfigurationWorkingCopy.setAttribute(LaunchConfigurationWorkingCopy.java:412)
	at org.eclipse.m2e.jdt.internal.launch.MavenRuntimeClasspathProvider.disable(MavenRuntimeClasspathProvider.java:410)
	at org.eclipse.m2e.jdt.internal.launch.MavenRuntimeClasspathProvider.disable(MavenRuntimeClasspathProvider.java:436)
	at org.eclipse.m2e.jdt.internal.launch.MavenLaunchConfigurationListener.mavenProjectChanged(MavenLaunchConfigurationListener.java:135)
	at org.eclipse.m2e.core.internal.project.registry.ProjectRegistryManager.notifyProjectChangeListeners(ProjectRegistryManager.java:827)
	at org.eclipse.m2e.core.internal.project.registry.ProjectRegistryManager.applyMutableProjectRegistry(ProjectRegistryManager.java:982)
	at org.eclipse.m2e.core.internal.project.registry.ProjectRegistryRefreshJob.lambda$0(ProjectRegistryRefreshJob.java:170)
	at org.eclipse.m2e.core.internal.embedder.MavenExecutionContext.executeBare(MavenExecutionContext.java:350)
	at org.eclipse.m2e.core.internal.embedder.MavenExecutionContext.execute(MavenExecutionContext.java:262)
	at org.eclipse.m2e.core.internal.embedder.MavenExecutionContext.execute(MavenExecutionContext.java:205)
	at org.eclipse.m2e.core.internal.project.registry.ProjectRegistryRefreshJob.run(ProjectRegistryRefreshJob.java:104)
	at org.eclipse.core.internal.jobs.Worker.run(Worker.java:63)
2024-08-25 16:28:59,840 [Worker-87: Updating Maven Dependencies] ERROR o.e.m.j.i.l.MavenLaunchConfigurationListener - Launch configuration Test references closed project backend
org.eclipse.core.runtime.CoreException: Launch configuration Test references closed project backend
	at org.eclipse.jdt.launching.JavaRuntime.abort(JavaRuntime.java:1861)
	at org.eclipse.jdt.launching.JavaRuntime.getJavaProject(JavaRuntime.java:1733)
	at org.eclipse.m2e.jdt.internal.launch.MavenLaunchConfigurationListener.updateLaunchConfiguration(MavenLaunchConfigurationListener.java:64)
	at org.eclipse.m2e.jdt.internal.launch.MavenLaunchConfigurationListener.launchConfigurationChanged(MavenLaunchConfigurationListener.java:50)
	at org.eclipse.debug.internal.core.LaunchManager$ConfigurationNotifier.run(LaunchManager.java:225)
	at org.eclipse.core.runtime.SafeRunner.run(SafeRunner.java:45)
	at org.eclipse.debug.internal.core.LaunchManager$ConfigurationNotifier.notify(LaunchManager.java:209)
	at org.eclipse.debug.internal.core.LaunchConfigurationWorkingCopy.setDirty(LaunchConfigurationWorkingCopy.java:524)
	at org.eclipse.debug.internal.core.LaunchConfigurationWorkingCopy.setAttribute(LaunchConfigurationWorkingCopy.java:412)
	at org.eclipse.m2e.jdt.internal.launch.MavenRuntimeClasspathProvider.disable(MavenRuntimeClasspathProvider.java:411)
	at org.eclipse.m2e.jdt.internal.launch.MavenRuntimeClasspathProvider.disable(MavenRuntimeClasspathProvider.java:436)
	at org.eclipse.m2e.jdt.internal.launch.MavenLaunchConfigurationListener.mavenProjectChanged(MavenLaunchConfigurationListener.java:135)
	at org.eclipse.m2e.core.internal.project.registry.ProjectRegistryManager.notifyProjectChangeListeners(ProjectRegistryManager.java:827)
	at org.eclipse.m2e.core.internal.project.registry.ProjectRegistryManager.applyMutableProjectRegistry(ProjectRegistryManager.java:982)
	at org.eclipse.m2e.core.internal.project.registry.ProjectRegistryRefreshJob.lambda$0(ProjectRegistryRefreshJob.java:170)
	at org.eclipse.m2e.core.internal.embedder.MavenExecutionContext.executeBare(MavenExecutionContext.java:350)
	at org.eclipse.m2e.core.internal.embedder.MavenExecutionContext.execute(MavenExecutionContext.java:262)
	at org.eclipse.m2e.core.internal.embedder.MavenExecutionContext.execute(MavenExecutionContext.java:205)
	at org.eclipse.m2e.core.internal.project.registry.ProjectRegistryRefreshJob.run(ProjectRegistryRefreshJob.java:104)
	at org.eclipse.core.internal.jobs.Worker.run(Worker.java:63)
2024-08-25 16:28:59,845 [Worker-87: Updating Maven Dependencies] ERROR o.e.m.j.i.l.MavenLaunchConfigurationListener - Launch configuration Test references closed project backend
org.eclipse.core.runtime.CoreException: Launch configuration Test references closed project backend
	at org.eclipse.jdt.launching.JavaRuntime.abort(JavaRuntime.java:1861)
	at org.eclipse.jdt.launching.JavaRuntime.getJavaProject(JavaRuntime.java:1733)
	at org.eclipse.m2e.jdt.internal.launch.MavenLaunchConfigurationListener.updateLaunchConfiguration(MavenLaunchConfigurationListener.java:64)
	at org.eclipse.m2e.jdt.internal.launch.MavenLaunchConfigurationListener.launchConfigurationChanged(MavenLaunchConfigurationListener.java:50)
	at org.eclipse.debug.internal.core.LaunchManager$ConfigurationNotifier.run(LaunchManager.java:225)
	at org.eclipse.core.runtime.SafeRunner.run(SafeRunner.java:45)
	at org.eclipse.debug.internal.core.LaunchManager$ConfigurationNotifier.notify(LaunchManager.java:209)
	at org.eclipse.debug.internal.core.LaunchManager.launchConfigurationChanged(LaunchManager.java:2147)
	at org.eclipse.debug.internal.core.LaunchConfigurationWorkingCopy.writeNewFile(LaunchConfigurationWorkingCopy.java:377)
	at org.eclipse.debug.internal.core.LaunchConfigurationWorkingCopy.doSave0(LaunchConfigurationWorkingCopy.java:259)
	at org.eclipse.debug.internal.core.LaunchConfigurationWorkingCopy.doSave(LaunchConfigurationWorkingCopy.java:229)
	at org.eclipse.debug.internal.core.LaunchConfigurationWorkingCopy.doSave(LaunchConfigurationWorkingCopy.java:187)
	at org.eclipse.m2e.jdt.internal.launch.MavenRuntimeClasspathProvider.disable(MavenRuntimeClasspathProvider.java:412)
	at org.eclipse.m2e.jdt.internal.launch.MavenRuntimeClasspathProvider.disable(MavenRuntimeClasspathProvider.java:436)
	at org.eclipse.m2e.jdt.internal.launch.MavenLaunchConfigurationListener.mavenProjectChanged(MavenLaunchConfigurationListener.java:135)
	at org.eclipse.m2e.core.internal.project.registry.ProjectRegistryManager.notifyProjectChangeListeners(ProjectRegistryManager.java:827)
	at org.eclipse.m2e.core.internal.project.registry.ProjectRegistryManager.applyMutableProjectRegistry(ProjectRegistryManager.java:982)
	at org.eclipse.m2e.core.internal.project.registry.ProjectRegistryRefreshJob.lambda$0(ProjectRegistryRefreshJob.java:170)
	at org.eclipse.m2e.core.internal.embedder.MavenExecutionContext.executeBare(MavenExecutionContext.java:350)
	at org.eclipse.m2e.core.internal.embedder.MavenExecutionContext.execute(MavenExecutionContext.java:262)
	at org.eclipse.m2e.core.internal.embedder.MavenExecutionContext.execute(MavenExecutionContext.java:205)
	at org.eclipse.m2e.core.internal.project.registry.ProjectRegistryRefreshJob.run(ProjectRegistryRefreshJob.java:104)
	at org.eclipse.core.internal.jobs.Worker.run(Worker.java:63)
2024-08-25 16:29:28,203 [Worker-86: Updating Maven Dependencies] INFO  o.e.m.c.i.l.LifecycleMappingFactory - Using org.maven.ide.eclipse.wtp.WarLifecycleMapping lifecycle mapping for MavenProject: programacion-concurrente:backend:0.0.1-SNAPSHOT @ C:\Users\Usuario\Documents\Backup 2021\Celina\Universidad\3 er anio\2 do Cuatrimestre\Laboratorio de Programación\TP 1\backend\pom.xml.
2024-08-25 16:29:29,584 [Worker-88: Building] INFO  o.e.m.c.i.embedder.EclipseLogger - Using 'UTF-8' encoding to copy filtered resources.
2024-08-25 16:29:29,584 [Worker-88: Building] INFO  o.e.m.c.i.embedder.EclipseLogger - skip non existing resourceDirectory C:\Users\Usuario\Documents\Backup 2021\Celina\Universidad\3 er anio\2 do Cuatrimestre\Laboratorio de Programación\TP 1\backend\src\main\resources
2024-08-25 16:29:29,589 [Worker-88: Building] INFO  o.e.m.c.i.embedder.EclipseLogger - Using 'UTF-8' encoding to copy filtered resources.
2024-08-25 16:29:29,589 [Worker-88: Building] INFO  o.e.m.c.i.embedder.EclipseLogger - skip non existing resourceDirectory C:\Users\Usuario\Documents\Backup 2021\Celina\Universidad\3 er anio\2 do Cuatrimestre\Laboratorio de Programación\TP 1\backend\src\test\resources
2024-08-25 16:29:41,462 [Worker-87: Building] INFO  o.e.m.c.i.embedder.EclipseLogger - Using 'UTF-8' encoding to copy filtered resources.
2024-08-25 16:29:41,462 [Worker-87: Building] INFO  o.e.m.c.i.embedder.EclipseLogger - skip non existing resourceDirectory C:\Users\Usuario\Documents\Backup 2021\Celina\Universidad\3 er anio\2 do Cuatrimestre\Laboratorio de Programación\TP 1\backend\src\main\resources
2024-08-25 16:29:41,464 [Worker-87: Building] INFO  o.e.m.c.i.embedder.EclipseLogger - Using 'UTF-8' encoding to copy filtered resources.
2024-08-25 16:29:41,464 [Worker-87: Building] INFO  o.e.m.c.i.embedder.EclipseLogger - skip non existing resourceDirectory C:\Users\Usuario\Documents\Backup 2021\Celina\Universidad\3 er anio\2 do Cuatrimestre\Laboratorio de Programación\TP 1\backend\src\test\resources
2024-08-25 16:31:20,775 [Worker-92: Building] INFO  o.e.m.c.i.embedder.EclipseLogger - Using 'UTF-8' encoding to copy filtered resources.
2024-08-25 16:31:20,775 [Worker-92: Building] INFO  o.e.m.c.i.embedder.EclipseLogger - skip non existing resourceDirectory C:\Users\Usuario\Documents\Backup 2021\Celina\Universidad\3 er anio\2 do Cuatrimestre\Laboratorio de Programación\TP 1\backend\src\main\resources
2024-08-25 16:31:20,777 [Worker-92: Building] INFO  o.e.m.c.i.embedder.EclipseLogger - Using 'UTF-8' encoding to copy filtered resources.
2024-08-25 16:31:20,778 [Worker-92: Building] INFO  o.e.m.c.i.embedder.EclipseLogger - skip non existing resourceDirectory C:\Users\Usuario\Documents\Backup 2021\Celina\Universidad\3 er anio\2 do Cuatrimestre\Laboratorio de Programación\TP 1\backend\src\test\resources
2024-08-25 16:31:23,174 [Worker-94: Building] INFO  o.e.m.c.i.embedder.EclipseLogger - Using 'UTF-8' encoding to copy filtered resources.
2024-08-25 16:31:23,174 [Worker-94: Building] INFO  o.e.m.c.i.embedder.EclipseLogger - skip non existing resourceDirectory C:\Users\Usuario\Documents\Backup 2021\Celina\Universidad\3 er anio\2 do Cuatrimestre\Laboratorio de Programación\TP 1\backend\src\main\resources
2024-08-25 16:31:23,177 [Worker-94: Building] INFO  o.e.m.c.i.embedder.EclipseLogger - Using 'UTF-8' encoding to copy filtered resources.
2024-08-25 16:31:23,178 [Worker-94: Building] INFO  o.e.m.c.i.embedder.EclipseLogger - skip non existing resourceDirectory C:\Users\Usuario\Documents\Backup 2021\Celina\Universidad\3 er anio\2 do Cuatrimestre\Laboratorio de Programación\TP 1\backend\src\test\resources
2024-08-25 16:31:45,044 [Worker-81: Building] INFO  o.e.m.c.i.embedder.EclipseLogger - Using 'UTF-8' encoding to copy filtered resources.
2024-08-25 16:31:45,044 [Worker-81: Building] INFO  o.e.m.c.i.embedder.EclipseLogger - skip non existing resourceDirectory C:\Users\Usuario\Documents\Backup 2021\Celina\Universidad\3 er anio\2 do Cuatrimestre\Laboratorio de Programación\TP 1\backend\src\main\resources
2024-08-25 16:31:45,047 [Worker-81: Building] INFO  o.e.m.c.i.embedder.EclipseLogger - Using 'UTF-8' encoding to copy filtered resources.
2024-08-25 16:31:45,047 [Worker-81: Building] INFO  o.e.m.c.i.embedder.EclipseLogger - skip non existing resourceDirectory C:\Users\Usuario\Documents\Backup 2021\Celina\Universidad\3 er anio\2 do Cuatrimestre\Laboratorio de Programación\TP 1\backend\src\test\resources
2024-08-25 16:32:07,148 [Worker-94: Building] INFO  o.e.m.c.i.embedder.EclipseLogger - Using 'UTF-8' encoding to copy filtered resources.
2024-08-25 16:32:07,149 [Worker-94: Building] INFO  o.e.m.c.i.embedder.EclipseLogger - skip non existing resourceDirectory C:\Users\Usuario\Documents\Backup 2021\Celina\Universidad\3 er anio\2 do Cuatrimestre\Laboratorio de Programación\TP 1\backend\src\main\resources
2024-08-25 16:32:07,150 [Worker-94: Building] INFO  o.e.m.c.i.embedder.EclipseLogger - Using 'UTF-8' encoding to copy filtered resources.
2024-08-25 16:32:07,150 [Worker-94: Building] INFO  o.e.m.c.i.embedder.EclipseLogger - skip non existing resourceDirectory C:\Users\Usuario\Documents\Backup 2021\Celina\Universidad\3 er anio\2 do Cuatrimestre\Laboratorio de Programación\TP 1\backend\src\test\resources
2024-08-25 16:32:10,328 [Worker-88: Building] INFO  o.e.m.c.i.embedder.EclipseLogger - Using 'UTF-8' encoding to copy filtered resources.
2024-08-25 16:32:10,328 [Worker-88: Building] INFO  o.e.m.c.i.embedder.EclipseLogger - skip non existing resourceDirectory C:\Users\Usuario\Documents\Backup 2021\Celina\Universidad\3 er anio\2 do Cuatrimestre\Laboratorio de Programación\TP 1\backend\src\main\resources
2024-08-25 16:32:10,330 [Worker-88: Building] INFO  o.e.m.c.i.embedder.EclipseLogger - Using 'UTF-8' encoding to copy filtered resources.
2024-08-25 16:32:10,330 [Worker-88: Building] INFO  o.e.m.c.i.embedder.EclipseLogger - skip non existing resourceDirectory C:\Users\Usuario\Documents\Backup 2021\Celina\Universidad\3 er anio\2 do Cuatrimestre\Laboratorio de Programación\TP 1\backend\src\test\resources
2024-08-25 16:41:08,993 [Worker-95: Building] INFO  o.e.m.c.i.embedder.EclipseLogger - Using 'UTF-8' encoding to copy filtered resources.
2024-08-25 16:41:08,993 [Worker-95: Building] INFO  o.e.m.c.i.embedder.EclipseLogger - skip non existing resourceDirectory C:\Users\Usuario\Documents\Backup 2021\Celina\Universidad\3 er anio\2 do Cuatrimestre\Laboratorio de Programación\TP 1\backend\src\main\resources
2024-08-25 16:41:08,996 [Worker-95: Building] INFO  o.e.m.c.i.embedder.EclipseLogger - Using 'UTF-8' encoding to copy filtered resources.
2024-08-25 16:41:08,996 [Worker-95: Building] INFO  o.e.m.c.i.embedder.EclipseLogger - skip non existing resourceDirectory C:\Users\Usuario\Documents\Backup 2021\Celina\Universidad\3 er anio\2 do Cuatrimestre\Laboratorio de Programación\TP 1\backend\src\test\resources
2024-08-25 16:48:08,408 [Worker-4: Loading available Gradle versions] INFO  o.e.b.c.i.u.g.PublishedGradleVersions - Gradle version information cache is up-to-date. Trying to read.
